#
# A fatal error has been detected by the Java Runtime Environment:
#
#  SIGSEGV (0xb) at pc=0x0000778974e46fcb, pid=573072, tid=573092
#
# JRE version: Java(TM) SE Runtime Environment (17.0.10+11) (build 17.0.10+11-LTS-240)
# Java VM: Java HotSpot(TM) 64-Bit Server VM (17.0.10+11-LTS-240, mixed mode, sharing, tiered, compressed oops, compressed class ptrs, g1 gc, linux-amd64)
# Problematic frame:
# V  [libjvm.so+0xa46fcb]  PhaseCFG::schedule_local(Block*, GrowableArray<int>&, VectorSet&, long*)+0x1cb
#
# Core dump will be written. Default location: Core dumps may be processed with "/usr/share/apport/apport -p%p -s%s -c%c -d%d -P%P -u%u -g%g -- %E" (or dumping to /home/pacifiquem/Documents/studies/ne-springboot/core.573072)
#
# If you would like to submit a bug report, please visit:
#   https://bugreport.java.com/bugreport/crash.jsp
#

---------------  S U M M A R Y ------------

Command Line: -XX:+ShowCodeDetailsInExceptionMessages -Dspring.jmx.enabled=true -Dmanagement.endpoints.jmx.exposure.include=* -Dspring.application.admin.enabled=true -Dspring.boot.project.name=springboot -Djava.rmi.server.hostname=localhost -Dcom.sun.management.jmxremote.port=45556 -Dcom.sun.management.jmxremote.authenticate=false -Dcom.sun.management.jmxremote.ssl=false com.ishimweemmy.templates.springboot.SpringbootApplication

Host: Intel(R) Core(TM) i5-6300U CPU @ 2.40GHz, 4 cores, 15G, Ubuntu 22.04.4 LTS
Time: Wed Jun 26 14:10:14 2024 CAT elapsed time: 2.729599 seconds (0d 0h 0m 2s)

---------------  T H R E A D  ---------------

Current thread (0x00007789701815e0):  JavaThread "C2 CompilerThread0" daemon [_thread_in_native, id=573092, stack(0x000077894c800000,0x000077894c900000)]


Current CompileTask:
C2:   2731 1951   !   4       jdk.internal.loader.URLClassPath$JarLoader::getResource (354 bytes)

Stack: [0x000077894c800000,0x000077894c900000],  sp=0x000077894c8fb280,  free space=1004k
Native frames: (J=compiled Java code, j=interpreted, Vv=VM code, C=native code)
V  [libjvm.so+0xa46fcb]  PhaseCFG::schedule_local(Block*, GrowableArray<int>&, VectorSet&, long*)+0x1cb
V  [libjvm.so+0x760c7a]  PhaseCFG::global_code_motion()+0x61a
V  [libjvm.so+0x76204a]  PhaseCFG::do_global_code_motion()+0x4a
V  [libjvm.so+0x5a63e5]  Compile::Code_Gen()+0x285
V  [libjvm.so+0x5ac035]  Compile::Compile(ciEnv*, ciMethod*, int, bool, bool, bool, bool, bool, DirectiveSet*)+0x1475
V  [libjvm.so+0x4ed847]  C2Compiler::compile_method(ciEnv*, ciMethod*, int, bool, DirectiveSet*)+0xf7
V  [libjvm.so+0x5b4933]  CompileBroker::invoke_compiler_on_method(CompileTask*)+0xd83
V  [libjvm.so+0x5b56d8]  CompileBroker::compiler_thread_loop()+0x648
V  [libjvm.so+0xdaf35e]  JavaThread::thread_main_inner()+0xce
V  [libjvm.so+0xdb2d6e]  Thread::call_run()+0xde
V  [libjvm.so+0xc02391]  thread_native_entry(Thread*)+0xe1


siginfo: si_signo: 11 (SIGSEGV), si_code: 1 (SEGV_MAPERR), si_addr: 0x0000778f995b1d80

Registers:
RAX=0x00007788d8211dc0, RBX=0x00007788cc296040, RCX=0x00007788d85135c0, RDX=0x00007788d8213cc0
RSP=0x000077894c8fb280, RBP=0x000077894c8fb3b0, RSI=0x00000000d8213cf8, RDI=0x00007788d8211dc0
R8 =0x000077894c8fb820, R9 =0x000000000000000b, R10=0x000077894c8fb510, R11=0x0000000000000000
R12=0x00007788d8211d10, R13=0x0000000000000001, R14=0x0000000000000008, R15=0x0000000000000001
RIP=0x0000778974e46fcb, EFLAGS=0x0000000000010206, CSGSFS=0x002b000000000033, ERR=0x0000000000000004
  TRAPNO=0x000000000000000e


Register to memory mapping:

RAX=0x00007788d8211dc0 points into unknown readable memory: 0x00007789755a1068 | 68 10 5a 75 89 77 00 00
RBX=0x00007788cc296040 points into unknown readable memory: 0x0000778975547670 | 70 76 54 75 89 77 00 00
RCX=0x00007788d85135c0 points into unknown readable memory: 0x00007788cc2aa420 | 20 a4 2a cc 88 77 00 00
RDX=0x00007788d8213cc0 points into unknown readable memory: 0x0000000400000003 | 03 00 00 00 04 00 00 00
RSP=0x000077894c8fb280 is pointing into the stack for thread: 0x00007789701815e0
RBP=0x000077894c8fb3b0 is pointing into the stack for thread: 0x00007789701815e0
RSI=0x00000000d8213cf8 is an unknown value
RDI=0x00007788d8211dc0 points into unknown readable memory: 0x00007789755a1068 | 68 10 5a 75 89 77 00 00
R8 =0x000077894c8fb820 is pointing into the stack for thread: 0x00007789701815e0
R9 =0x000000000000000b is an unknown value
R10=0x000077894c8fb510 is pointing into the stack for thread: 0x00007789701815e0
R11=0x0 is NULL
R12=0x00007788d8211d10 points into unknown readable memory: 0x00007789755e1c78 | 78 1c 5e 75 89 77 00 00
R13=0x0000000000000001 is an unknown value
R14=0x0000000000000008 is an unknown value
R15=0x0000000000000001 is an unknown value


Top of Stack: (sp=0x000077894c8fb280)
0x000077894c8fb280:   0000000000000000 00007788d8293b48
0x000077894c8fb290:   000077890000124e 00007788d8278898
0x000077894c8fb2a0:   00007788cc2990a8 000077894c8fb820
0x000077894c8fb2b0:   000077890000124e 0100000000000009 

Instructions: (pc=0x0000778974e46fcb)
0x0000778974e46ecb:   0f 1f 44 00 00 49 8b 44 24 08 48 8b 00 85 c9 0f
0x0000778974e46edb:   84 e0 02 00 00 48 8b 53 20 48 39 02 0f 85 a1 00
0x0000778974e46eeb:   00 00 44 89 f8 48 8d 14 c5 00 00 00 00 41 39 cf
0x0000778974e46efb:   0f 83 67 06 00 00 48 8b 73 20 48 8b 04 c6 48 8d
0x0000778974e46f0b:   7b 10 44 39 e9 0f 86 be 02 00 00 48 8b 4b 20 4a
0x0000778974e46f1b:   89 04 31 41 8d 47 01 44 3b 7b 18 0f 83 3c 02 00
0x0000778974e46f2b:   00 48 8b 4b 20 48 8b bd 28 ff ff ff 4c 89 24 11
0x0000778974e46f3b:   80 3f 00 74 0d 80 bd 0f ff ff ff 00 0f 85 eb 02
0x0000778974e46f4b:   00 00 41 89 c7 41 83 c5 01 49 83 c6 08 45 39 cd
0x0000778974e46f5b:   0f 84 af 01 00 00 8b 4b 18 45 31 e4 44 39 e9 76
0x0000778974e46f6b:   08 48 8b 43 20 4e 8b 24 30 41 8b 44 24 2c 83 e0
0x0000778974e46f7b:   0f 83 f8 0c 0f 84 68 ff ff ff 83 f8 08 0f 84 42
0x0000778974e46f8b:   ff ff ff 41 8b 44 24 1c 45 31 db 85 c0 74 4e 49
0x0000778974e46f9b:   8b 54 24 08 8d 48 ff 45 31 db 48 8d 42 08 48 8d
0x0000778974e46fab:   3c c8 eb 0d 90 48 89 c2 48 39 f8 74 30 48 83 c0
0x0000778974e46fbb:   08 48 8b 12 48 85 d2 74 ec 8b 72 28 49 8b 48 78
0x0000778974e46fcb:   48 3b 1c f1 75 df 48 83 7a 10 01 48 89 c2 41 83
0x0000778974e46fdb:   db ff 48 39 f8 75 d6 66 0f 1f 44 00 00 49 8b 42
0x0000778974e46feb:   08 49 63 54 24 28 44 89 1c 90 41 8b 44 24 2c 83
0x0000778974e46ffb:   e0 03 83 f8 02 0f 85 4a ff ff ff 41 83 7c 24 18
0x0000778974e4700b:   05 0f 86 3e ff ff ff 49 8b 04 24 4c 89 95 f8 fe
0x0000778974e4701b:   ff ff 4c 89 e7 4c 89 85 00 ff ff ff 44 89 8d 18
0x0000778974e4702b:   ff ff ff ff 90 48 01 00 00 44 8b 8d 18 ff ff ff
0x0000778974e4703b:   4c 8b 85 00 ff ff ff 3d ca 00 00 00 4c 8b 95 f8
0x0000778974e4704b:   fe ff ff 74 42 49 8b 04 24 4c 89 95 f8 fe ff ff
0x0000778974e4705b:   4c 89 e7 4c 89 85 00 ff ff ff 44 89 8d 18 ff ff
0x0000778974e4706b:   ff ff 90 48 01 00 00 44 8b 8d 18 ff ff ff 4c 8b
0x0000778974e4707b:   85 00 ff ff ff 3d d3 00 00 00 4c 8b 95 f8 fe ff
0x0000778974e4708b:   ff 0f 85 be fe ff ff 49 8b 54 24 08 4c 8b 5a 28
0x0000778974e4709b:   4d 85 db 74 12 41 8b 4b 28 49 8b 40 78 48 3b 1c
0x0000778974e470ab:   c8 0f 84 64 0f 00 00 be 05 00 00 00 4c 89 e7 4c
0x0000778974e470bb:   89 95 f0 fe ff ff 41 83 c5 01 4c 89 85 f8 fe ff 


Stack slot to memory mapping:
stack at sp + 0 slots: 0x0 is NULL
stack at sp + 1 slots: 0x00007788d8293b48 points into unknown readable memory: 0x00007788cc2933d0 | d0 33 29 cc 88 77 00 00
stack at sp + 2 slots: 0x000077890000124e is an unknown value
stack at sp + 3 slots: 0x00007788d8278898 points into unknown readable memory: 0x0000778975569bb8 | b8 9b 56 75 89 77 00 00
stack at sp + 4 slots: 0x00007788cc2990a8 points into unknown readable memory: 0x000077894c8fe070 | 70 e0 8f 4c 89 77 00 00
stack at sp + 5 slots: 0x000077894c8fb820 is pointing into the stack for thread: 0x00007789701815e0
stack at sp + 6 slots: 0x000077890000124e is an unknown value
stack at sp + 7 slots: 0x0100000000000009 is an unknown value


---------------  P R O C E S S  ---------------

Threads class SMR info:
_java_thread_list=0x00007788a01fdbb0, length=18, elements={
0x0000778970027020, 0x0000778970176920, 0x0000778970177d10, 0x000077897017d440,
0x000077897017e800, 0x000077897017fc20, 0x00007789701815e0, 0x0000778970182b20,
0x0000778970183fa0, 0x000077897018f9d0, 0x00007789701bbef0, 0x00007789706e0f10,
0x00007789706e9f80, 0x00007789706f3480, 0x00007788cc150ad0, 0x00007789708f0f60,
0x000077889c0023e0, 0x00007788a01fcb00
}

Java Threads: ( => current thread )
  0x0000778970027020 JavaThread "main" [_thread_blocked, id=573078, stack(0x0000778974300000,0x0000778974400000)]
  0x0000778970176920 JavaThread "Reference Handler" daemon [_thread_blocked, id=573086, stack(0x000077894d362000,0x000077894d462000)]
  0x0000778970177d10 JavaThread "Finalizer" daemon [_thread_blocked, id=573087, stack(0x000077894d262000,0x000077894d362000)]
  0x000077897017d440 JavaThread "Signal Dispatcher" daemon [_thread_blocked, id=573089, stack(0x000077894cb00000,0x000077894cc00000)]
  0x000077897017e800 JavaThread "Service Thread" daemon [_thread_blocked, id=573090, stack(0x000077894ca00000,0x000077894cb00000)]
  0x000077897017fc20 JavaThread "Monitor Deflation Thread" daemon [_thread_blocked, id=573091, stack(0x000077894c900000,0x000077894ca00000)]
=>0x00007789701815e0 JavaThread "C2 CompilerThread0" daemon [_thread_in_native, id=573092, stack(0x000077894c800000,0x000077894c900000)]
  0x0000778970182b20 JavaThread "C1 CompilerThread0" daemon [_thread_blocked, id=573093, stack(0x000077894c700000,0x000077894c800000)]
  0x0000778970183fa0 JavaThread "Sweeper thread" daemon [_thread_blocked, id=573094, stack(0x000077894c600000,0x000077894c700000)]
  0x000077897018f9d0 JavaThread "Common-Cleaner" daemon [_thread_blocked, id=573102, stack(0x000077894c500000,0x000077894c600000)]
  0x00007789701bbef0 JavaThread "Notification Thread" daemon [_thread_blocked, id=573107, stack(0x000077894c400000,0x000077894c500000)]
  0x00007789706e0f10 JavaThread "RMI TCP Accept-0" daemon [_thread_in_native, id=573172, stack(0x000077894c300000,0x000077894c400000)]
  0x00007789706e9f80 JavaThread "RMI TCP Accept-45556" daemon [_thread_in_native, id=573176, stack(0x00007788f2dff000,0x00007788f2eff000)]
  0x00007789706f3480 JavaThread "RMI TCP Accept-0" daemon [_thread_in_native, id=573177, stack(0x00007788f2cff000,0x00007788f2dff000)]
  0x00007788cc150ad0 JavaThread "C2 CompilerThread1" daemon [_thread_in_native, id=573187, stack(0x00007788f2afe000,0x00007788f2bfe000)]
  0x00007789708f0f60 JavaThread "Thread-0" [_thread_blocked, id=573304, stack(0x00007788f29fe000,0x00007788f2afe000)]
  0x000077889c0023e0 JavaThread "restartedMain" [_thread_in_vm, id=573305, stack(0x00007788f28fe000,0x00007788f29fe000)]
  0x00007788a01fcb00 JavaThread "background-preinit" [_thread_in_vm, id=573321, stack(0x00007788f27fe000,0x00007788f28fe000)]

Other Threads:
  0x00007789701728c0 VMThread "VM Thread" [stack: 0x000077894d463000,0x000077894d563000] [id=573085]
  0x0000778970684340 WatcherThread [stack: 0x00007788f2bff000,0x00007788f2cff000] [id=573178]
  0x00007789700912c0 GCTaskThread "GC Thread#0" [stack: 0x000077894febd000,0x000077894ffbd000] [id=573080]
  0x00007788ec0051b0 GCTaskThread "GC Thread#1" [stack: 0x000077894c200000,0x000077894c300000] [id=573173]
  0x00007788ec005be0 GCTaskThread "GC Thread#2" [stack: 0x000077894c0ff000,0x000077894c1ff000] [id=573174]
  0x00007788ec006610 GCTaskThread "GC Thread#3" [stack: 0x00007788f2f00000,0x00007788f3000000] [id=573175]
  0x00007789700a20a0 ConcurrentGCThread "G1 Main Marker" [stack: 0x000077894fdbc000,0x000077894febc000] [id=573081]
  0x00007789700a3010 ConcurrentGCThread "G1 Conc#0" [stack: 0x000077894fcbb000,0x000077894fdbb000] [id=573082]
  0x0000778970145700 ConcurrentGCThread "G1 Refine#0" [stack: 0x000077894d7b6000,0x000077894d8b6000] [id=573083]
  0x00007789701465f0 ConcurrentGCThread "G1 Service" [stack: 0x000077894d6b5000,0x000077894d7b5000] [id=573084]

Threads with active compile tasks:
C2 CompilerThread0     2796 1951   !   4       jdk.internal.loader.URLClassPath$JarLoader::getResource (354 bytes)
C2 CompilerThread1     2796 1910       4       jdk.internal.org.objectweb.asm.Frame::execute (2305 bytes)

VM state: not at safepoint (normal execution)

VM Mutex/Monitor currently owned by a thread:  ([mutex/lock_event])
[0x00007789700253e0] MethodCompileQueue_lock - owner thread: 0x000077889c0023e0

Heap address: 0x0000000708000000, size: 3968 MB, Compressed Oops mode: Zero based, Oop shift amount: 3

CDS archive(s) mapped at: [0x00007788f7000000-0x00007788f7bee000-0x00007788f7bee000), size 12509184, SharedBaseAddress: 0x00007788f7000000, ArchiveRelocationMode: 1.
Compressed class space mapped at: 0x00007788f8000000-0x0000778938000000, reserved size: 1073741824
Narrow klass base: 0x00007788f7000000, Narrow klass shift: 0, Narrow klass range: 0x100000000

GC Precious Log:
 CPUs: 4 total, 4 available
 Memory: 15864M
 Large Page Support: Disabled
 NUMA Support: Disabled
 Compressed Oops: Enabled (Zero based)
 Heap Region Size: 2M
 Heap Min Capacity: 8M
 Heap Initial Capacity: 248M
 Heap Max Capacity: 3968M
 Pre-touch: Disabled
 Parallel Workers: 4
 Concurrent Workers: 1
 Concurrent Refinement Workers: 4
 Periodic GC: Disabled

Heap:
 garbage-first heap   total 258048K, used 30053K [0x0000000708000000, 0x0000000800000000)
  region size 2048K, 12 young (24576K), 2 survivors (4096K)
 Metaspace       used 15865K, committed 16064K, reserved 1114112K
  class space    used 2096K, committed 2176K, reserved 1048576K

Heap Regions: E=young(eden), S=young(survivor), O=old, HS=humongous(starts), HC=humongous(continues), CS=collection set, F=free, OA=open archive, CA=closed archive, TAMS=top-at-mark-start (previous, next)
|   0|0x0000000708000000, 0x0000000708200000, 0x0000000708200000|100%| O|  |TAMS 0x0000000708000000, 0x0000000708000000| Untracked 
|   1|0x0000000708200000, 0x0000000708400000, 0x0000000708400000|100%| O|  |TAMS 0x0000000708200000, 0x0000000708200000| Untracked 
|   2|0x0000000708400000, 0x0000000708600000, 0x0000000708600000|100%| O|  |TAMS 0x0000000708400000, 0x0000000708400000| Untracked 
|   3|0x0000000708600000, 0x00000007086cd600, 0x0000000708800000| 40%| O|  |TAMS 0x0000000708600000, 0x0000000708600000| Untracked 
|   4|0x0000000708800000, 0x0000000708800000, 0x0000000708a00000|  0%| F|  |TAMS 0x0000000708800000, 0x0000000708800000| Untracked 
|   5|0x0000000708a00000, 0x0000000708a00000, 0x0000000708c00000|  0%| F|  |TAMS 0x0000000708a00000, 0x0000000708a00000| Untracked 
|   6|0x0000000708c00000, 0x0000000708c00000, 0x0000000708e00000|  0%| F|  |TAMS 0x0000000708c00000, 0x0000000708c00000| Untracked 
|   7|0x0000000708e00000, 0x0000000708e00000, 0x0000000709000000|  0%| F|  |TAMS 0x0000000708e00000, 0x0000000708e00000| Untracked 
|   8|0x0000000709000000, 0x0000000709000000, 0x0000000709200000|  0%| F|  |TAMS 0x0000000709000000, 0x0000000709000000| Untracked 
|   9|0x0000000709200000, 0x0000000709200000, 0x0000000709400000|  0%| F|  |TAMS 0x0000000709200000, 0x0000000709200000| Untracked 
|  10|0x0000000709400000, 0x0000000709400000, 0x0000000709600000|  0%| F|  |TAMS 0x0000000709400000, 0x0000000709400000| Untracked 
|  11|0x0000000709600000, 0x0000000709600000, 0x0000000709800000|  0%| F|  |TAMS 0x0000000709600000, 0x0000000709600000| Untracked 
|  12|0x0000000709800000, 0x0000000709800000, 0x0000000709a00000|  0%| F|  |TAMS 0x0000000709800000, 0x0000000709800000| Untracked 
|  13|0x0000000709a00000, 0x0000000709a00000, 0x0000000709c00000|  0%| F|  |TAMS 0x0000000709a00000, 0x0000000709a00000| Untracked 
|  14|0x0000000709c00000, 0x0000000709c00000, 0x0000000709e00000|  0%| F|  |TAMS 0x0000000709c00000, 0x0000000709c00000| Untracked 
|  15|0x0000000709e00000, 0x0000000709e00000, 0x000000070a000000|  0%| F|  |TAMS 0x0000000709e00000, 0x0000000709e00000| Untracked 
|  16|0x000000070a000000, 0x000000070a000000, 0x000000070a200000|  0%| F|  |TAMS 0x000000070a000000, 0x000000070a000000| Untracked 
|  17|0x000000070a200000, 0x000000070a200000, 0x000000070a400000|  0%| F|  |TAMS 0x000000070a200000, 0x000000070a200000| Untracked 
|  18|0x000000070a400000, 0x000000070a400000, 0x000000070a600000|  0%| F|  |TAMS 0x000000070a400000, 0x000000070a400000| Untracked 
|  19|0x000000070a600000, 0x000000070a600000, 0x000000070a800000|  0%| F|  |TAMS 0x000000070a600000, 0x000000070a600000| Untracked 
|  20|0x000000070a800000, 0x000000070a800000, 0x000000070aa00000|  0%| F|  |TAMS 0x000000070a800000, 0x000000070a800000| Untracked 
|  21|0x000000070aa00000, 0x000000070aa00000, 0x000000070ac00000|  0%| F|  |TAMS 0x000000070aa00000, 0x000000070aa00000| Untracked 
|  22|0x000000070ac00000, 0x000000070ac00000, 0x000000070ae00000|  0%| F|  |TAMS 0x000000070ac00000, 0x000000070ac00000| Untracked 
|  23|0x000000070ae00000, 0x000000070ae00000, 0x000000070b000000|  0%| F|  |TAMS 0x000000070ae00000, 0x000000070ae00000| Untracked 
|  24|0x000000070b000000, 0x000000070b000000, 0x000000070b200000|  0%| F|  |TAMS 0x000000070b000000, 0x000000070b000000| Untracked 
|  25|0x000000070b200000, 0x000000070b200000, 0x000000070b400000|  0%| F|  |TAMS 0x000000070b200000, 0x000000070b200000| Untracked 
|  26|0x000000070b400000, 0x000000070b400000, 0x000000070b600000|  0%| F|  |TAMS 0x000000070b400000, 0x000000070b400000| Untracked 
|  27|0x000000070b600000, 0x000000070b600000, 0x000000070b800000|  0%| F|  |TAMS 0x000000070b600000, 0x000000070b600000| Untracked 
|  28|0x000000070b800000, 0x000000070b800000, 0x000000070ba00000|  0%| F|  |TAMS 0x000000070b800000, 0x000000070b800000| Untracked 
|  29|0x000000070ba00000, 0x000000070ba00000, 0x000000070bc00000|  0%| F|  |TAMS 0x000000070ba00000, 0x000000070ba00000| Untracked 
|  30|0x000000070bc00000, 0x000000070bc00000, 0x000000070be00000|  0%| F|  |TAMS 0x000000070bc00000, 0x000000070bc00000| Untracked 
|  31|0x000000070be00000, 0x000000070be00000, 0x000000070c000000|  0%| F|  |TAMS 0x000000070be00000, 0x000000070be00000| Untracked 
|  32|0x000000070c000000, 0x000000070c000000, 0x000000070c200000|  0%| F|  |TAMS 0x000000070c000000, 0x000000070c000000| Untracked 
|  33|0x000000070c200000, 0x000000070c200000, 0x000000070c400000|  0%| F|  |TAMS 0x000000070c200000, 0x000000070c200000| Untracked 
|  34|0x000000070c400000, 0x000000070c400000, 0x000000070c600000|  0%| F|  |TAMS 0x000000070c400000, 0x000000070c400000| Untracked 
|  35|0x000000070c600000, 0x000000070c600000, 0x000000070c800000|  0%| F|  |TAMS 0x000000070c600000, 0x000000070c600000| Untracked 
|  36|0x000000070c800000, 0x000000070c800000, 0x000000070ca00000|  0%| F|  |TAMS 0x000000070c800000, 0x000000070c800000| Untracked 
|  37|0x000000070ca00000, 0x000000070ca00000, 0x000000070cc00000|  0%| F|  |TAMS 0x000000070ca00000, 0x000000070ca00000| Untracked 
|  38|0x000000070cc00000, 0x000000070cc00000, 0x000000070ce00000|  0%| F|  |TAMS 0x000000070cc00000, 0x000000070cc00000| Untracked 
|  39|0x000000070ce00000, 0x000000070ce00000, 0x000000070d000000|  0%| F|  |TAMS 0x000000070ce00000, 0x000000070ce00000| Untracked 
|  40|0x000000070d000000, 0x000000070d000000, 0x000000070d200000|  0%| F|  |TAMS 0x000000070d000000, 0x000000070d000000| Untracked 
|  41|0x000000070d200000, 0x000000070d200000, 0x000000070d400000|  0%| F|  |TAMS 0x000000070d200000, 0x000000070d200000| Untracked 
|  42|0x000000070d400000, 0x000000070d400000, 0x000000070d600000|  0%| F|  |TAMS 0x000000070d400000, 0x000000070d400000| Untracked 
|  43|0x000000070d600000, 0x000000070d600000, 0x000000070d800000|  0%| F|  |TAMS 0x000000070d600000, 0x000000070d600000| Untracked 
|  44|0x000000070d800000, 0x000000070d800000, 0x000000070da00000|  0%| F|  |TAMS 0x000000070d800000, 0x000000070d800000| Untracked 
|  45|0x000000070da00000, 0x000000070da00000, 0x000000070dc00000|  0%| F|  |TAMS 0x000000070da00000, 0x000000070da00000| Untracked 
|  46|0x000000070dc00000, 0x000000070dc00000, 0x000000070de00000|  0%| F|  |TAMS 0x000000070dc00000, 0x000000070dc00000| Untracked 
|  47|0x000000070de00000, 0x000000070de00000, 0x000000070e000000|  0%| F|  |TAMS 0x000000070de00000, 0x000000070de00000| Untracked 
|  48|0x000000070e000000, 0x000000070e000000, 0x000000070e200000|  0%| F|  |TAMS 0x000000070e000000, 0x000000070e000000| Untracked 
|  49|0x000000070e200000, 0x000000070e200000, 0x000000070e400000|  0%| F|  |TAMS 0x000000070e200000, 0x000000070e200000| Untracked 
|  50|0x000000070e400000, 0x000000070e400000, 0x000000070e600000|  0%| F|  |TAMS 0x000000070e400000, 0x000000070e400000| Untracked 
|  51|0x000000070e600000, 0x000000070e600000, 0x000000070e800000|  0%| F|  |TAMS 0x000000070e600000, 0x000000070e600000| Untracked 
|  52|0x000000070e800000, 0x000000070e800000, 0x000000070ea00000|  0%| F|  |TAMS 0x000000070e800000, 0x000000070e800000| Untracked 
|  53|0x000000070ea00000, 0x000000070ea00000, 0x000000070ec00000|  0%| F|  |TAMS 0x000000070ea00000, 0x000000070ea00000| Untracked 
|  54|0x000000070ec00000, 0x000000070ec00000, 0x000000070ee00000|  0%| F|  |TAMS 0x000000070ec00000, 0x000000070ec00000| Untracked 
|  55|0x000000070ee00000, 0x000000070ee00000, 0x000000070f000000|  0%| F|  |TAMS 0x000000070ee00000, 0x000000070ee00000| Untracked 
|  56|0x000000070f000000, 0x000000070f000000, 0x000000070f200000|  0%| F|  |TAMS 0x000000070f000000, 0x000000070f000000| Untracked 
|  57|0x000000070f200000, 0x000000070f200000, 0x000000070f400000|  0%| F|  |TAMS 0x000000070f200000, 0x000000070f200000| Untracked 
|  58|0x000000070f400000, 0x000000070f400000, 0x000000070f600000|  0%| F|  |TAMS 0x000000070f400000, 0x000000070f400000| Untracked 
|  59|0x000000070f600000, 0x000000070f600000, 0x000000070f800000|  0%| F|  |TAMS 0x000000070f600000, 0x000000070f600000| Untracked 
|  60|0x000000070f800000, 0x000000070f800000, 0x000000070fa00000|  0%| F|  |TAMS 0x000000070f800000, 0x000000070f800000| Untracked 
|  61|0x000000070fa00000, 0x000000070fa00000, 0x000000070fc00000|  0%| F|  |TAMS 0x000000070fa00000, 0x000000070fa00000| Untracked 
|  62|0x000000070fc00000, 0x000000070fc00000, 0x000000070fe00000|  0%| F|  |TAMS 0x000000070fc00000, 0x000000070fc00000| Untracked 
|  63|0x000000070fe00000, 0x000000070fe00000, 0x0000000710000000|  0%| F|  |TAMS 0x000000070fe00000, 0x000000070fe00000| Untracked 
|  64|0x0000000710000000, 0x0000000710000000, 0x0000000710200000|  0%| F|  |TAMS 0x0000000710000000, 0x0000000710000000| Untracked 
|  65|0x0000000710200000, 0x0000000710200000, 0x0000000710400000|  0%| F|  |TAMS 0x0000000710200000, 0x0000000710200000| Untracked 
|  66|0x0000000710400000, 0x0000000710400000, 0x0000000710600000|  0%| F|  |TAMS 0x0000000710400000, 0x0000000710400000| Untracked 
|  67|0x0000000710600000, 0x0000000710600000, 0x0000000710800000|  0%| F|  |TAMS 0x0000000710600000, 0x0000000710600000| Untracked 
|  68|0x0000000710800000, 0x0000000710800000, 0x0000000710a00000|  0%| F|  |TAMS 0x0000000710800000, 0x0000000710800000| Untracked 
|  69|0x0000000710a00000, 0x0000000710a00000, 0x0000000710c00000|  0%| F|  |TAMS 0x0000000710a00000, 0x0000000710a00000| Untracked 
|  70|0x0000000710c00000, 0x0000000710c00000, 0x0000000710e00000|  0%| F|  |TAMS 0x0000000710c00000, 0x0000000710c00000| Untracked 
|  71|0x0000000710e00000, 0x0000000710e00000, 0x0000000711000000|  0%| F|  |TAMS 0x0000000710e00000, 0x0000000710e00000| Untracked 
|  72|0x0000000711000000, 0x0000000711000000, 0x0000000711200000|  0%| F|  |TAMS 0x0000000711000000, 0x0000000711000000| Untracked 
|  73|0x0000000711200000, 0x0000000711200000, 0x0000000711400000|  0%| F|  |TAMS 0x0000000711200000, 0x0000000711200000| Untracked 
|  74|0x0000000711400000, 0x0000000711400000, 0x0000000711600000|  0%| F|  |TAMS 0x0000000711400000, 0x0000000711400000| Untracked 
|  75|0x0000000711600000, 0x0000000711600000, 0x0000000711800000|  0%| F|  |TAMS 0x0000000711600000, 0x0000000711600000| Untracked 
|  76|0x0000000711800000, 0x0000000711800000, 0x0000000711a00000|  0%| F|  |TAMS 0x0000000711800000, 0x0000000711800000| Untracked 
|  77|0x0000000711a00000, 0x0000000711a00000, 0x0000000711c00000|  0%| F|  |TAMS 0x0000000711a00000, 0x0000000711a00000| Untracked 
|  78|0x0000000711c00000, 0x0000000711c00000, 0x0000000711e00000|  0%| F|  |TAMS 0x0000000711c00000, 0x0000000711c00000| Untracked 
|  79|0x0000000711e00000, 0x0000000711e00000, 0x0000000712000000|  0%| F|  |TAMS 0x0000000711e00000, 0x0000000711e00000| Untracked 
|  80|0x0000000712000000, 0x0000000712000000, 0x0000000712200000|  0%| F|  |TAMS 0x0000000712000000, 0x0000000712000000| Untracked 
|  81|0x0000000712200000, 0x0000000712200000, 0x0000000712400000|  0%| F|  |TAMS 0x0000000712200000, 0x0000000712200000| Untracked 
|  82|0x0000000712400000, 0x0000000712400000, 0x0000000712600000|  0%| F|  |TAMS 0x0000000712400000, 0x0000000712400000| Untracked 
|  83|0x0000000712600000, 0x0000000712600000, 0x0000000712800000|  0%| F|  |TAMS 0x0000000712600000, 0x0000000712600000| Untracked 
|  84|0x0000000712800000, 0x0000000712800000, 0x0000000712a00000|  0%| F|  |TAMS 0x0000000712800000, 0x0000000712800000| Untracked 
|  85|0x0000000712a00000, 0x0000000712a00000, 0x0000000712c00000|  0%| F|  |TAMS 0x0000000712a00000, 0x0000000712a00000| Untracked 
|  86|0x0000000712c00000, 0x0000000712c00000, 0x0000000712e00000|  0%| F|  |TAMS 0x0000000712c00000, 0x0000000712c00000| Untracked 
|  87|0x0000000712e00000, 0x0000000712e00000, 0x0000000713000000|  0%| F|  |TAMS 0x0000000712e00000, 0x0000000712e00000| Untracked 
|  88|0x0000000713000000, 0x0000000713000000, 0x0000000713200000|  0%| F|  |TAMS 0x0000000713000000, 0x0000000713000000| Untracked 
|  89|0x0000000713200000, 0x0000000713200000, 0x0000000713400000|  0%| F|  |TAMS 0x0000000713200000, 0x0000000713200000| Untracked 
|  90|0x0000000713400000, 0x0000000713400000, 0x0000000713600000|  0%| F|  |TAMS 0x0000000713400000, 0x0000000713400000| Untracked 
|  91|0x0000000713600000, 0x0000000713600000, 0x0000000713800000|  0%| F|  |TAMS 0x0000000713600000, 0x0000000713600000| Untracked 
|  92|0x0000000713800000, 0x0000000713800000, 0x0000000713a00000|  0%| F|  |TAMS 0x0000000713800000, 0x0000000713800000| Untracked 
|  93|0x0000000713a00000, 0x0000000713a00000, 0x0000000713c00000|  0%| F|  |TAMS 0x0000000713a00000, 0x0000000713a00000| Untracked 
|  94|0x0000000713c00000, 0x0000000713c00000, 0x0000000713e00000|  0%| F|  |TAMS 0x0000000713c00000, 0x0000000713c00000| Untracked 
|  95|0x0000000713e00000, 0x0000000713e00000, 0x0000000714000000|  0%| F|  |TAMS 0x0000000713e00000, 0x0000000713e00000| Untracked 
|  96|0x0000000714000000, 0x0000000714000000, 0x0000000714200000|  0%| F|  |TAMS 0x0000000714000000, 0x0000000714000000| Untracked 
|  97|0x0000000714200000, 0x0000000714200000, 0x0000000714400000|  0%| F|  |TAMS 0x0000000714200000, 0x0000000714200000| Untracked 
|  98|0x0000000714400000, 0x0000000714400000, 0x0000000714600000|  0%| F|  |TAMS 0x0000000714400000, 0x0000000714400000| Untracked 
|  99|0x0000000714600000, 0x0000000714600000, 0x0000000714800000|  0%| F|  |TAMS 0x0000000714600000, 0x0000000714600000| Untracked 
| 100|0x0000000714800000, 0x0000000714800000, 0x0000000714a00000|  0%| F|  |TAMS 0x0000000714800000, 0x0000000714800000| Untracked 
| 101|0x0000000714a00000, 0x0000000714a00000, 0x0000000714c00000|  0%| F|  |TAMS 0x0000000714a00000, 0x0000000714a00000| Untracked 
| 102|0x0000000714c00000, 0x0000000714c00000, 0x0000000714e00000|  0%| F|  |TAMS 0x0000000714c00000, 0x0000000714c00000| Untracked 
| 103|0x0000000714e00000, 0x0000000714e00000, 0x0000000715000000|  0%| F|  |TAMS 0x0000000714e00000, 0x0000000714e00000| Untracked 
| 104|0x0000000715000000, 0x0000000715000000, 0x0000000715200000|  0%| F|  |TAMS 0x0000000715000000, 0x0000000715000000| Untracked 
| 105|0x0000000715200000, 0x0000000715200000, 0x0000000715400000|  0%| F|  |TAMS 0x0000000715200000, 0x0000000715200000| Untracked 
| 106|0x0000000715400000, 0x0000000715400000, 0x0000000715600000|  0%| F|  |TAMS 0x0000000715400000, 0x0000000715400000| Untracked 
| 107|0x0000000715600000, 0x0000000715600000, 0x0000000715800000|  0%| F|  |TAMS 0x0000000715600000, 0x0000000715600000| Untracked 
| 108|0x0000000715800000, 0x0000000715800000, 0x0000000715a00000|  0%| F|  |TAMS 0x0000000715800000, 0x0000000715800000| Untracked 
| 109|0x0000000715a00000, 0x0000000715a00000, 0x0000000715c00000|  0%| F|  |TAMS 0x0000000715a00000, 0x0000000715a00000| Untracked 
| 110|0x0000000715c00000, 0x0000000715c90eb0, 0x0000000715e00000| 28%| S|CS|TAMS 0x0000000715c00000, 0x0000000715c00000| Complete 
| 111|0x0000000715e00000, 0x0000000716000000, 0x0000000716000000|100%| S|CS|TAMS 0x0000000715e00000, 0x0000000715e00000| Complete 
| 112|0x0000000716000000, 0x0000000716000000, 0x0000000716200000|  0%| F|  |TAMS 0x0000000716000000, 0x0000000716000000| Untracked 
| 113|0x0000000716200000, 0x0000000716208250, 0x0000000716400000|  1%| E|  |TAMS 0x0000000716200000, 0x0000000716200000| Complete 
| 114|0x0000000716400000, 0x0000000716600000, 0x0000000716600000|100%| E|CS|TAMS 0x0000000716400000, 0x0000000716400000| Complete 
| 115|0x0000000716600000, 0x0000000716800000, 0x0000000716800000|100%| E|CS|TAMS 0x0000000716600000, 0x0000000716600000| Complete 
| 116|0x0000000716800000, 0x0000000716a00000, 0x0000000716a00000|100%| E|CS|TAMS 0x0000000716800000, 0x0000000716800000| Complete 
| 117|0x0000000716a00000, 0x0000000716c00000, 0x0000000716c00000|100%| E|CS|TAMS 0x0000000716a00000, 0x0000000716a00000| Complete 
| 118|0x0000000716c00000, 0x0000000716e00000, 0x0000000716e00000|100%| E|CS|TAMS 0x0000000716c00000, 0x0000000716c00000| Complete 
| 119|0x0000000716e00000, 0x0000000717000000, 0x0000000717000000|100%| E|CS|TAMS 0x0000000716e00000, 0x0000000716e00000| Complete 
| 120|0x0000000717000000, 0x0000000717200000, 0x0000000717200000|100%| E|CS|TAMS 0x0000000717000000, 0x0000000717000000| Complete 
| 121|0x0000000717200000, 0x0000000717400000, 0x0000000717400000|100%| E|CS|TAMS 0x0000000717200000, 0x0000000717200000| Complete 
| 122|0x0000000717400000, 0x0000000717600000, 0x0000000717600000|100%| E|CS|TAMS 0x0000000717400000, 0x0000000717400000| Complete 
| 123|0x0000000717600000, 0x0000000717800000, 0x0000000717800000|100%| E|CS|TAMS 0x0000000717600000, 0x0000000717600000| Complete 
|1982|0x00000007ffc00000, 0x00000007ffd77000, 0x00000007ffe00000| 73%|OA|  |TAMS 0x00000007ffc00000, 0x00000007ffc00000| Untracked 
|1983|0x00000007ffe00000, 0x00000007ffe84000, 0x0000000800000000| 25%|CA|  |TAMS 0x00000007ffe00000, 0x00000007ffe00000| Untracked 

Card table byte_map: [0x000077895837d000,0x0000778958b3d000] _byte_map_base: 0x0000778954b3d000

Marking Bits (Prev, Next): (CMBitMap*) 0x0000778970091d40, (CMBitMap*) 0x0000778970091d80
 Prev Bits: [0x0000778953dbd000, 0x0000778957bbd000)
 Next Bits: [0x000077894ffbd000, 0x0000778953dbd000)

Polling page: 0x0000778975ae9000

Metaspace:

Usage:
  Non-class:     13.49 MB used.
      Class:      2.06 MB used.
       Both:     15.54 MB used.

Virtual space:
  Non-class space:       64.00 MB reserved,      13.62 MB ( 21%) committed,  1 nodes.
      Class space:        1.00 GB reserved,       2.12 MB ( <1%) committed,  1 nodes.
             Both:        1.06 GB reserved,      15.75 MB (  1%) committed. 

Chunk freelists:
   Non-Class:  1.66 MB
       Class:  13.88 MB
        Both:  15.53 MB

MaxMetaspaceSize: unlimited
CompressedClassSpaceSize: 1.00 GB
Initial GC threshold: 21.00 MB
Current GC threshold: 21.00 MB
CDS: on
MetaspaceReclaimPolicy: balanced
 - commit_granule_bytes: 65536.
 - commit_granule_words: 8192.
 - virtual_space_node_default_size: 8388608.
 - enlarge_chunks_in_place: 1.
 - new_chunks_are_fully_committed: 0.
 - uncommit_free_chunks: 1.
 - use_allocation_guard: 0.
 - handle_deallocations: 1.


Internal statistics:

num_allocs_failed_limit: 0.
num_arena_births: 222.
num_arena_deaths: 0.
num_vsnodes_births: 2.
num_vsnodes_deaths: 0.
num_space_committed: 252.
num_space_uncommitted: 0.
num_chunks_returned_to_freelist: 0.
num_chunks_taken_from_freelist: 631.
num_chunk_merges: 0.
num_chunk_splits: 434.
num_chunks_enlarged: 335.
num_inconsistent_stats: 0.

CodeHeap 'non-profiled nmethods': size=120032Kb used=746Kb max_used=746Kb free=119285Kb
 bounds [0x00007789610c8000, 0x0000778961338000, 0x0000778968600000]
CodeHeap 'profiled nmethods': size=120028Kb used=3674Kb max_used=3674Kb free=116354Kb
 bounds [0x0000778959600000, 0x00007789599a0000, 0x0000778960b37000]
CodeHeap 'non-nmethods': size=5700Kb used=1191Kb max_used=1231Kb free=4508Kb
 bounds [0x0000778960b37000, 0x0000778960da7000, 0x00007789610c8000]
 total_blobs=2493 nmethods=2001 adapters=405
 compilation: enabled
              stopped_count=0, restarted_count=0
 full_count=0

Compilation events (20 events):
Event: 2.669 Thread 0x0000778970182b20 1985       3       java.lang.System$2::createOrGetClassLoaderValueMap (5 bytes)
Event: 2.670 Thread 0x0000778970182b20 nmethod 1985 0x0000778959987390 code [0x0000778959987540, 0x0000778959987700]
Event: 2.670 Thread 0x0000778970182b20 1986       3       java.lang.ClassLoader::createOrGetClassLoaderValueMap (37 bytes)
Event: 2.670 Thread 0x0000778970182b20 nmethod 1986 0x0000778959987810 code [0x00007789599879e0, 0x0000778959987d40]
Event: 2.670 Thread 0x0000778970182b20 1987       3       java.nio.ByteBuffer::limit (8 bytes)
Event: 2.670 Thread 0x0000778970182b20 nmethod 1987 0x0000778959987e90 code [0x0000778959988040, 0x0000778959988180]
Event: 2.670 Thread 0x0000778970182b20 1988       3       java.nio.HeapByteBuffer::get (14 bytes)
Event: 2.671 Thread 0x0000778970182b20 nmethod 1988 0x0000778959988210 code [0x00007789599883e0, 0x00007789599886c0]
Event: 2.671 Thread 0x0000778970182b20 1989       3       jdk.internal.loader.AbstractClassLoaderValue::<init> (5 bytes)
Event: 2.671 Thread 0x0000778970182b20 nmethod 1989 0x0000778959988890 code [0x0000778959988a40, 0x0000778959988b90]
Event: 2.671 Thread 0x0000778970182b20 1990       3       jdk.internal.loader.AbstractClassLoaderValue::sub (10 bytes)
Event: 2.672 Thread 0x0000778970182b20 nmethod 1990 0x0000778959988c90 code [0x0000778959988e40, 0x0000778959989190]
Event: 2.672 Thread 0x0000778970182b20 1991       3       jdk.internal.loader.AbstractClassLoaderValue$Sub::<init> (15 bytes)
Event: 2.672 Thread 0x0000778970182b20 nmethod 1991 0x0000778959989290 code [0x0000778959989440, 0x00007789599896d0]
Event: 2.672 Thread 0x0000778970182b20 1992       3       java.lang.Class::isAnnotation (17 bytes)
Event: 2.672 Thread 0x0000778970182b20 nmethod 1992 0x0000778959989790 code [0x0000778959989940, 0x0000778959989ad0]
Event: 2.672 Thread 0x0000778970182b20 1993       3       jdk.internal.loader.AbstractClassLoaderValue::map (20 bytes)
Event: 2.673 Thread 0x0000778970182b20 nmethod 1993 0x0000778959989b90 code [0x0000778959989d60, 0x000077895998a040]
Event: 2.675 Thread 0x0000778970182b20 1994       3       java.util.LinkedHashMap::<init> (10 bytes)
Event: 2.675 Thread 0x0000778970182b20 nmethod 1994 0x000077895998a190 code [0x000077895998a340, 0x000077895998a570]

GC Heap History (6 events):
Event: 0.846 GC heap before
{Heap before GC invocations=0 (full 0):
 garbage-first heap   total 258048K, used 12268K [0x0000000708000000, 0x0000000800000000)
  region size 2048K, 6 young (12288K), 0 survivors (0K)
 Metaspace       used 4535K, committed 4672K, reserved 1114112K
  class space    used 498K, committed 576K, reserved 1048576K
}
Event: 0.852 GC heap after
{Heap after GC invocations=1 (full 0):
 garbage-first heap   total 258048K, used 8994K [0x0000000708000000, 0x0000000800000000)
  region size 2048K, 1 young (2048K), 1 survivors (2048K)
 Metaspace       used 4535K, committed 4672K, reserved 1114112K
  class space    used 498K, committed 576K, reserved 1048576K
}
Event: 1.509 GC heap before
{Heap before GC invocations=1 (full 0):
 garbage-first heap   total 258048K, used 19234K [0x0000000708000000, 0x0000000800000000)
  region size 2048K, 6 young (12288K), 1 survivors (2048K)
 Metaspace       used 7768K, committed 8000K, reserved 1114112K
  class space    used 899K, committed 1024K, reserved 1048576K
}
Event: 1.518 GC heap after
{Heap after GC invocations=2 (full 0):
 garbage-first heap   total 258048K, used 10196K [0x0000000708000000, 0x0000000800000000)
  region size 2048K, 1 young (2048K), 1 survivors (2048K)
 Metaspace       used 7768K, committed 8000K, reserved 1114112K
  class space    used 899K, committed 1024K, reserved 1048576K
}
Event: 2.288 GC heap before
{Heap before GC invocations=2 (full 0):
 garbage-first heap   total 258048K, used 30676K [0x0000000708000000, 0x0000000800000000)
  region size 2048K, 12 young (24576K), 1 survivors (2048K)
 Metaspace       used 11688K, committed 11968K, reserved 1114112K
  class space    used 1450K, committed 1600K, reserved 1048576K
}
Event: 2.297 GC heap after
{Heap after GC invocations=3 (full 0):
 garbage-first heap   total 258048K, used 11621K [0x0000000708000000, 0x0000000800000000)
  region size 2048K, 2 young (4096K), 2 survivors (4096K)
 Metaspace       used 11688K, committed 11968K, reserved 1114112K
  class space    used 1450K, committed 1600K, reserved 1048576K
}

Deoptimization events (20 events):
Event: 2.556 Thread 0x000077889c0023e0 Uncommon trap: reason=class_check action=maybe_recompile pc=0x000077896117efc8 method=jdk.internal.misc.Unsafe.allocateUninitializedArray(Ljava/lang/Class;I)Ljava/lang/Object; @ 51 c2
Event: 2.556 Thread 0x000077889c0023e0 DEOPT PACKING pc=0x000077896117efc8 sp=0x00007788f29faab0
Event: 2.556 Thread 0x00007788a01fcb00 DEOPT UNPACKING pc=0x0000778960b89099 sp=0x00007788f28fb758 mode 2
Event: 2.556 Thread 0x000077889c0023e0 DEOPT UNPACKING pc=0x0000778960b89099 sp=0x00007788f29faa58 mode 2
Event: 2.556 Thread 0x00007788a01fcb00 Uncommon trap: trap_request=0xffffffde fr.pc=0x000077896117efc8 relative=0x0000000000000128
Event: 2.556 Thread 0x00007788a01fcb00 Uncommon trap: reason=class_check action=maybe_recompile pc=0x000077896117efc8 method=jdk.internal.misc.Unsafe.allocateUninitializedArray(Ljava/lang/Class;I)Ljava/lang/Object; @ 51 c2
Event: 2.556 Thread 0x00007788a01fcb00 DEOPT PACKING pc=0x000077896117efc8 sp=0x00007788f28fa420
Event: 2.556 Thread 0x00007788a01fcb00 DEOPT UNPACKING pc=0x0000778960b89099 sp=0x00007788f28fa3c8 mode 2
Event: 2.572 Thread 0x000077889c0023e0 Uncommon trap: trap_request=0xffffffc6 fr.pc=0x0000778961169be0 relative=0x0000000000001ac0
Event: 2.572 Thread 0x000077889c0023e0 Uncommon trap: reason=bimorphic_or_optimized_type_check action=maybe_recompile pc=0x0000778961169be0 method=java.util.HashMap.putVal(ILjava/lang/Object;Ljava/lang/Object;ZZ)Ljava/lang/Object; @ 56 c2
Event: 2.572 Thread 0x000077889c0023e0 DEOPT PACKING pc=0x0000778961169be0 sp=0x00007788f29fb790
Event: 2.572 Thread 0x000077889c0023e0 DEOPT UNPACKING pc=0x0000778960b89099 sp=0x00007788f29fb718 mode 2
Event: 2.572 Thread 0x000077889c0023e0 Uncommon trap: trap_request=0xffffffc6 fr.pc=0x0000778961169c8c relative=0x0000000000001b6c
Event: 2.572 Thread 0x000077889c0023e0 Uncommon trap: reason=bimorphic_or_optimized_type_check action=maybe_recompile pc=0x0000778961169c8c method=java.util.HashMap.putVal(ILjava/lang/Object;Ljava/lang/Object;ZZ)Ljava/lang/Object; @ 152 c2
Event: 2.572 Thread 0x000077889c0023e0 DEOPT PACKING pc=0x0000778961169c8c sp=0x00007788f29fb790
Event: 2.572 Thread 0x000077889c0023e0 DEOPT UNPACKING pc=0x0000778960b89099 sp=0x00007788f29fb720 mode 2
Event: 2.572 Thread 0x000077889c0023e0 Uncommon trap: trap_request=0xffffffc6 fr.pc=0x0000778961169c8c relative=0x0000000000001b6c
Event: 2.572 Thread 0x000077889c0023e0 Uncommon trap: reason=bimorphic_or_optimized_type_check action=maybe_recompile pc=0x0000778961169c8c method=java.util.HashMap.putVal(ILjava/lang/Object;Ljava/lang/Object;ZZ)Ljava/lang/Object; @ 152 c2
Event: 2.572 Thread 0x000077889c0023e0 DEOPT PACKING pc=0x0000778961169c8c sp=0x00007788f29fb790
Event: 2.572 Thread 0x000077889c0023e0 DEOPT UNPACKING pc=0x0000778960b89099 sp=0x00007788f29fb720 mode 2

Classes unloaded (0 events):
No events

Classes redefined (0 events):
No events

Internal exceptions (20 events):
Event: 1.971 Thread 0x000077889c0023e0 Exception <a 'java/lang/NoSuchMethodError'{0x00000007166096e0}: 'java.lang.Object java.lang.invoke.DirectMethodHandle$Holder.invokeSpecial(java.lang.Object, java.lang.Object, java.lang.Object, java.lang.Object, java.lang.Object, java.lang.Object, int)'> (0x00000007166096e0) 
thrown [open/src/hotspot/share/interpreter/linkResolver.cpp, line 758]
Event: 1.973 Thread 0x000077889c0023e0 Exception <a 'java/lang/NoSuchMethodError'{0x0000000716616d98}: 'java.lang.Object java.lang.invoke.DirectMethodHandle$Holder.newInvokeSpecial(java.lang.Object, java.lang.Object, java.lang.Object, java.lang.Object, java.lang.Object, java.lang.Object, int)'> (0x0000000716616d98) 
thrown [open/src/hotspot/share/interpreter/linkResolver.cpp, line 758]
Event: 1.973 Thread 0x000077889c0023e0 Exception <a 'java/lang/NoSuchMethodError'{0x000000071661bdd8}: 'java.lang.Object java.lang.invoke.DirectMethodHandle$Holder.invokeSpecial(java.lang.Object, java.lang.Object, java.lang.Object, java.lang.Object, java.lang.Object, java.lang.Object, java.lang.Object, int)'> (0x000000071661bdd8) 
thrown [open/src/hotspot/share/interpreter/linkResolver.cpp, line 758]
Event: 2.035 Thread 0x000077889c0023e0 Exception <a 'java/lang/NoSuchMethodError'{0x00000007167cbeb8}: 'int java.lang.invoke.DirectMethodHandle$Holder.invokeVirtual(java.lang.Object, java.lang.Object)'> (0x00000007167cbeb8) 
thrown [open/src/hotspot/share/interpreter/linkResolver.cpp, line 758]
Event: 2.057 Thread 0x000077889c0023e0 Exception <a 'java/lang/NoSuchMethodError'{0x0000000716489490}: 'java.lang.Object java.lang.invoke.DirectMethodHandle$Holder.invokeSpecial(java.lang.Object, java.lang.Object, java.lang.Object, int, java.lang.Object)'> (0x0000000716489490) 
thrown [open/src/hotspot/share/interpreter/linkResolver.cpp, line 758]
Event: 2.058 Thread 0x000077889c0023e0 Exception <a 'java/lang/NoSuchMethodError'{0x0000000716491af0}: 'java.lang.Object java.lang.invoke.DirectMethodHandle$Holder.newInvokeSpecial(java.lang.Object, java.lang.Object, java.lang.Object, int, java.lang.Object)'> (0x0000000716491af0) 
thrown [open/src/hotspot/share/interpreter/linkResolver.cpp, line 758]
Event: 2.059 Thread 0x000077889c0023e0 Exception <a 'java/lang/NoSuchMethodError'{0x00000007164994c0}: 'java.lang.Object java.lang.invoke.Invokers$Holder.linkToTargetMethod(java.lang.Object, java.lang.Object, int, java.lang.Object, java.lang.Object)'> (0x00000007164994c0) 
thrown [open/src/hotspot/share/interpreter/linkResolver.cpp, line 758]
Event: 2.060 Thread 0x000077889c0023e0 Exception <a 'java/lang/NoSuchMethodError'{0x00000007164a8f60}: 'java.lang.Object java.lang.invoke.DirectMethodHandle$Holder.newInvokeSpecial(java.lang.Object, int, java.lang.Object)'> (0x00000007164a8f60) 
thrown [open/src/hotspot/share/interpreter/linkResolver.cpp, line 758]
Event: 2.061 Thread 0x000077889c0023e0 Exception <a 'java/lang/NoSuchMethodError'{0x00000007164acf30}: 'int java.lang.invoke.DirectMethodHandle$Holder.invokeSpecialIFC(java.lang.Object, java.lang.Object, java.lang.Object, java.lang.Object)'> (0x00000007164acf30) 
thrown [open/src/hotspot/share/interpreter/linkResolver.cpp, line 758]
Event: 2.140 Thread 0x000077889c0023e0 Exception <a 'java/lang/NoSuchMethodError'{0x0000000716284678}: 'void java.lang.invoke.DirectMethodHandle$Holder.invokeInterface(java.lang.Object, java.lang.Object, java.lang.Object)'> (0x0000000716284678) 
thrown [open/src/hotspot/share/interpreter/linkResolver.cpp, line 758]
Event: 2.179 Thread 0x000077889c0023e0 Exception <a 'java/lang/NoSuchMethodError'{0x000000071635b9a8}: 'void java.lang.invoke.DirectMethodHandle$Holder.invokeStaticInit(java.lang.Object, java.lang.Object, java.lang.Object)'> (0x000000071635b9a8) 
thrown [open/src/hotspot/share/interpreter/linkResolver.cpp, line 758]
Event: 2.187 Thread 0x000077889c0023e0 Exception <a 'java/lang/NoSuchMethodError'{0x00000007163a2c38}: 'java.lang.Object java.lang.invoke.DirectMethodHandle$Holder.invokeStatic(java.lang.Object, java.lang.Object, long, java.lang.Object)'> (0x00000007163a2c38) 
thrown [open/src/hotspot/share/interpreter/linkResolver.cpp, line 758]
Event: 2.187 Thread 0x000077889c0023e0 Exception <a 'java/lang/NoSuchMethodError'{0x00000007163a66d0}: 'java.lang.Object java.lang.invoke.DirectMethodHandle$Holder.invokeStaticInit(java.lang.Object, java.lang.Object, long, java.lang.Object)'> (0x00000007163a66d0) 
thrown [open/src/hotspot/share/interpreter/linkResolver.cpp, line 758]
Event: 2.188 Thread 0x000077889c0023e0 Exception <a 'java/lang/NoSuchMethodError'{0x00000007163acce0}: 'java.lang.Object java.lang.invoke.DirectMethodHandle$Holder.newInvokeSpecial(java.lang.Object, java.lang.Object, long)'> (0x00000007163acce0) 
thrown [open/src/hotspot/share/interpreter/linkResolver.cpp, line 758]
Event: 2.188 Thread 0x000077889c0023e0 Exception <a 'java/lang/NoSuchMethodError'{0x00000007163b0ab0}: 'java.lang.Object java.lang.invoke.Invokers$Holder.linkToTargetMethod(java.lang.Object, long, java.lang.Object)'> (0x00000007163b0ab0) 
thrown [open/src/hotspot/share/interpreter/linkResolver.cpp, line 758]
Event: 2.204 Thread 0x000077889c0023e0 Exception <a 'java/lang/NoSuchMethodError'{0x000000071600e9e8}: 'void java.lang.invoke.DirectMethodHandle$Holder.invokeSpecial(java.lang.Object, java.lang.Object, java.lang.Object, java.lang.Object, java.lang.Object)'> (0x000000071600e9e8) 
thrown [open/src/hotspot/share/interpreter/linkResolver.cpp, line 758]
Event: 2.205 Thread 0x000077889c0023e0 Exception <a 'java/lang/NoSuchMethodError'{0x0000000716016f78}: 'void java.lang.invoke.DirectMethodHandle$Holder.invokeVirtual(java.lang.Object, java.lang.Object, java.lang.Object, java.lang.Object)'> (0x0000000716016f78) 
thrown [open/src/hotspot/share/interpreter/linkResolver.cpp, line 758]
Event: 2.264 Thread 0x000077889c0023e0 Exception <a 'java/lang/NoSuchMethodError'{0x000000071617a868}: 'void java.lang.invoke.DirectMethodHandle$Holder.invokeSpecial(java.lang.Object, java.lang.Object, java.lang.Object)'> (0x000000071617a868) 
thrown [open/src/hotspot/share/interpreter/linkResolver.cpp, line 758]
Event: 2.267 Thread 0x000077889c0023e0 Exception <a 'java/lang/NoSuchMethodError'{0x000000071618fce0}: 'java.lang.Object java.lang.invoke.DirectMethodHandle$Holder.invokeVirtual(java.lang.Object, java.lang.Object, java.lang.Object)'> (0x000000071618fce0) 
thrown [open/src/hotspot/share/interpreter/linkResolver.cpp, line 758]
Event: 2.281 Thread 0x000077889c0023e0 Exception <a 'java/lang/IncompatibleClassChangeError'{0x00000007161e6ae0}: Found class java.lang.Object, but interface was expected> (0x00000007161e6ae0) 
thrown [open/src/hotspot/share/interpreter/linkResolver.cpp, line 826]

VM Operations (20 events):
Event: 0.845 Executing VM operation: G1CollectForAllocation
Event: 0.852 Executing VM operation: G1CollectForAllocation done
Event: 0.959 Executing VM operation: HandshakeAllThreads
Event: 0.964 Executing VM operation: HandshakeAllThreads done
Event: 1.207 Executing VM operation: HandshakeAllThreads
Event: 1.207 Executing VM operation: HandshakeAllThreads done
Event: 1.509 Executing VM operation: G1CollectForAllocation
Event: 1.518 Executing VM operation: G1CollectForAllocation done
Event: 2.033 Executing VM operation: HandshakeAllThreads
Event: 2.033 Executing VM operation: HandshakeAllThreads done
Event: 2.163 Executing VM operation: ICBufferFull
Event: 2.163 Executing VM operation: ICBufferFull done
Event: 2.256 Executing VM operation: HandshakeAllThreads
Event: 2.256 Executing VM operation: HandshakeAllThreads done
Event: 2.260 Executing VM operation: HandshakeAllThreads
Event: 2.260 Executing VM operation: HandshakeAllThreads done
Event: 2.288 Executing VM operation: G1CollectForAllocation
Event: 2.297 Executing VM operation: G1CollectForAllocation done
Event: 2.673 Executing VM operation: HandshakeAllThreads
Event: 2.673 Executing VM operation: HandshakeAllThreads done

Events (20 events):
Event: 2.539 loading class java/time/chrono/ChronoLocalDateImpl done
Event: 2.539 loading class java/time/chrono/HijrahDate done
Event: 2.539 loading class java/time/chrono/JapaneseDate
Event: 2.540 loading class java/time/chrono/JapaneseDate done
Event: 2.540 loading class java/time/chrono/MinguoDate
Event: 2.540 loading class java/time/chrono/MinguoDate done
Event: 2.541 loading class java/time/chrono/ThaiBuddhistDate
Event: 2.541 loading class java/time/chrono/ThaiBuddhistDate done
Event: 2.587 loading class jdk/internal/reflect/UnsafeObjectFieldAccessorImpl
Event: 2.587 loading class jdk/internal/reflect/UnsafeObjectFieldAccessorImpl done
Event: 2.597 loading class sun/reflect/generics/tree/BooleanSignature
Event: 2.597 loading class sun/reflect/generics/tree/BooleanSignature done
Event: 2.597 loading class sun/reflect/generics/tree/DoubleSignature
Event: 2.597 loading class sun/reflect/generics/tree/DoubleSignature done
Event: 2.597 loading class sun/reflect/generics/tree/FloatSignature
Event: 2.597 loading class sun/reflect/generics/tree/FloatSignature done
Event: 2.598 loading class sun/reflect/generics/tree/IntSignature
Event: 2.598 loading class sun/reflect/generics/tree/IntSignature done
Event: 2.598 loading class sun/reflect/generics/tree/ShortSignature
Event: 2.598 loading class sun/reflect/generics/tree/ShortSignature done


Dynamic libraries:
708000000-717800000 rw-p 00000000 00:00 0 
717800000-7ffc00000 ---p 00000000 00:00 0 
7ffc00000-7ffd00000 rw-p 00000000 00:00 0 
7ffd00000-7ffd77000 rw-p 00cab000 08:02 1320394                          /usr/lib/jvm/jdk-17-oracle-x64/lib/server/classes.jsa
7ffd77000-7ffe00000 rw-p 00000000 00:00 0 
7ffe00000-7ffe84000 rw-p 00c27000 08:02 1320394                          /usr/lib/jvm/jdk-17-oracle-x64/lib/server/classes.jsa
7ffe84000-800000000 rw-p 00000000 00:00 0 
646c72b35000-646c72b36000 r-xp 00000000 08:02 1320107                    /usr/lib/jvm/jdk-17-oracle-x64/bin/java
646c72b37000-646c72b38000 r--p 00001000 08:02 1320107                    /usr/lib/jvm/jdk-17-oracle-x64/bin/java
646c72b38000-646c72b39000 rw-p 00002000 08:02 1320107                    /usr/lib/jvm/jdk-17-oracle-x64/bin/java
646c7498b000-646c749ac000 rw-p 00000000 00:00 0                          [heap]
778894000000-77889416e000 rw-p 00000000 00:00 0 
77889416e000-778898000000 ---p 00000000 00:00 0 
77889c000000-77889c021000 rw-p 00000000 00:00 0 
77889c021000-7788a0000000 ---p 00000000 00:00 0 
7788a0000000-7788a0309000 rw-p 00000000 00:00 0 
7788a0309000-7788a4000000 ---p 00000000 00:00 0 
7788a4000000-7788a4021000 rw-p 00000000 00:00 0 
7788a4021000-7788a8000000 ---p 00000000 00:00 0 
7788a8000000-7788a8cd1000 rw-p 00000000 00:00 0 
7788a8cd1000-7788ac000000 ---p 00000000 00:00 0 
7788ac000000-7788ac021000 rw-p 00000000 00:00 0 
7788ac021000-7788b0000000 ---p 00000000 00:00 0 
7788b0000000-7788b0021000 rw-p 00000000 00:00 0 
7788b0021000-7788b4000000 ---p 00000000 00:00 0 
7788b4000000-7788b4021000 rw-p 00000000 00:00 0 
7788b4021000-7788b8000000 ---p 00000000 00:00 0 
7788b8000000-7788b8021000 rw-p 00000000 00:00 0 
7788b8021000-7788bc000000 ---p 00000000 00:00 0 
7788bc000000-7788bc021000 rw-p 00000000 00:00 0 
7788bc021000-7788c0000000 ---p 00000000 00:00 0 
7788c0000000-7788c0021000 rw-p 00000000 00:00 0 
7788c0021000-7788c4000000 ---p 00000000 00:00 0 
7788c4000000-7788c4021000 rw-p 00000000 00:00 0 
7788c4021000-7788c8000000 ---p 00000000 00:00 0 
7788c8000000-7788c8021000 rw-p 00000000 00:00 0 
7788c8021000-7788cc000000 ---p 00000000 00:00 0 
7788cc000000-7788cc470000 rw-p 00000000 00:00 0 
7788cc470000-7788d0000000 ---p 00000000 00:00 0 
7788d0000000-7788d0021000 rw-p 00000000 00:00 0 
7788d0021000-7788d4000000 ---p 00000000 00:00 0 
7788d4000000-7788d4021000 rw-p 00000000 00:00 0 
7788d4021000-7788d8000000 ---p 00000000 00:00 0 
7788d8000000-7788d8889000 rw-p 00000000 00:00 0 
7788d8889000-7788dc000000 ---p 00000000 00:00 0 
7788dc000000-7788dc021000 rw-p 00000000 00:00 0 
7788dc021000-7788e0000000 ---p 00000000 00:00 0 
7788e0000000-7788e0021000 rw-p 00000000 00:00 0 
7788e0021000-7788e4000000 ---p 00000000 00:00 0 
7788e4000000-7788e4021000 rw-p 00000000 00:00 0 
7788e4021000-7788e8000000 ---p 00000000 00:00 0 
7788e8000000-7788e8021000 rw-p 00000000 00:00 0 
7788e8021000-7788ec000000 ---p 00000000 00:00 0 
7788ec000000-7788ec021000 rw-p 00000000 00:00 0 
7788ec021000-7788f0000000 ---p 00000000 00:00 0 
7788f2595000-7788f27fe000 rw-p 00000000 00:00 0 
7788f27fe000-7788f2802000 ---p 00000000 00:00 0 
7788f2802000-7788f28fe000 rw-p 00000000 00:00 0 
7788f28fe000-7788f2902000 ---p 00000000 00:00 0 
7788f2902000-7788f29fe000 rw-p 00000000 00:00 0 
7788f29fe000-7788f2a02000 ---p 00000000 00:00 0 
7788f2a02000-7788f2afe000 rw-p 00000000 00:00 0 
7788f2afe000-7788f2b02000 ---p 00000000 00:00 0 
7788f2b02000-7788f2bfe000 rw-p 00000000 00:00 0 
7788f2bfe000-7788f2bff000 ---p 00000000 00:00 0 
7788f2bff000-7788f2cff000 rw-p 00000000 00:00 0 
7788f2cff000-7788f2d03000 ---p 00000000 00:00 0 
7788f2d03000-7788f2dff000 rw-p 00000000 00:00 0 
7788f2dff000-7788f2e03000 ---p 00000000 00:00 0 
7788f2e03000-7788f2eff000 rw-p 00000000 00:00 0 
7788f2eff000-7788f2f00000 ---p 00000000 00:00 0 
7788f2f00000-7788f33f0000 rw-p 00000000 00:00 0 
7788f33f0000-7788f34f0000 rw-p 00000000 00:00 0 
7788f34f0000-7788f35f0000 rw-p 00000000 00:00 0 
7788f35f0000-7788f36f0000 rw-p 00000000 00:00 0 
7788f36f0000-7788f37f0000 rw-p 00000000 00:00 0 
7788f37f0000-7788f3cf0000 rw-p 00000000 00:00 0 
7788f3cf0000-7788f3d50000 rw-p 00000000 00:00 0 
7788f3d50000-7788f3e00000 ---p 00000000 00:00 0 
7788f3e00000-7788f3e70000 rw-p 00000000 00:00 0 
7788f3e70000-7788f7000000 ---p 00000000 00:00 0 
7788f7000000-7788f7bee000 rw-p 00001000 08:02 1320394                    /usr/lib/jvm/jdk-17-oracle-x64/lib/server/classes.jsa
7788f7bee000-7788f8000000 ---p 00000000 00:00 0 
7788f8000000-7788f8010000 rw-p 00000000 00:00 0 
7788f8010000-7788f8030000 rw-p 00000000 00:00 0 
7788f8030000-7788f80b0000 rw-p 00000000 00:00 0 
7788f80b0000-7788f8230000 rw-p 00000000 00:00 0 
7788f8230000-7788f8240000 ---p 00000000 00:00 0 
7788f8240000-7788f8250000 rw-p 00000000 00:00 0 
7788f8250000-778938000000 ---p 00000000 00:00 0 
778938000000-778938021000 rw-p 00000000 00:00 0 
778938021000-77893c000000 ---p 00000000 00:00 0 
77893c000000-77893c021000 rw-p 00000000 00:00 0 
77893c021000-778940000000 ---p 00000000 00:00 0 
778940000000-778940021000 rw-p 00000000 00:00 0 
778940021000-778944000000 ---p 00000000 00:00 0 
778944000000-778944021000 rw-p 00000000 00:00 0 
778944021000-778948000000 ---p 00000000 00:00 0 
778948000000-778948021000 rw-p 00000000 00:00 0 
778948021000-77894c000000 ---p 00000000 00:00 0 
77894c0fe000-77894c0ff000 ---p 00000000 00:00 0 
77894c0ff000-77894c1ff000 rw-p 00000000 00:00 0 
77894c1ff000-77894c200000 ---p 00000000 00:00 0 
77894c200000-77894c300000 rw-p 00000000 00:00 0 
77894c300000-77894c304000 ---p 00000000 00:00 0 
77894c304000-77894c400000 rw-p 00000000 00:00 0 
77894c400000-77894c404000 ---p 00000000 00:00 0 
77894c404000-77894c500000 rw-p 00000000 00:00 0 
77894c500000-77894c504000 ---p 00000000 00:00 0 
77894c504000-77894c600000 rw-p 00000000 00:00 0 
77894c600000-77894c604000 ---p 00000000 00:00 0 
77894c604000-77894c700000 rw-p 00000000 00:00 0 
77894c700000-77894c704000 ---p 00000000 00:00 0 
77894c704000-77894c800000 rw-p 00000000 00:00 0 
77894c800000-77894c804000 ---p 00000000 00:00 0 
77894c804000-77894c900000 rw-p 00000000 00:00 0 
77894c900000-77894c904000 ---p 00000000 00:00 0 
77894c904000-77894ca00000 rw-p 00000000 00:00 0 
77894ca00000-77894ca04000 ---p 00000000 00:00 0 
77894ca04000-77894cb00000 rw-p 00000000 00:00 0 
77894cb00000-77894cb04000 ---p 00000000 00:00 0 
77894cb04000-77894cc00000 rw-p 00000000 00:00 0 
77894cc00000-77894d174000 r--p 00000000 08:02 1312377                    /usr/lib/locale/locale-archive
77894d262000-77894d266000 ---p 00000000 00:00 0 
77894d266000-77894d362000 rw-p 00000000 00:00 0 
77894d362000-77894d366000 ---p 00000000 00:00 0 
77894d366000-77894d462000 rw-p 00000000 00:00 0 
77894d462000-77894d463000 ---p 00000000 00:00 0 
77894d463000-77894d563000 rw-p 00000000 00:00 0 
77894d563000-77894d631000 r-xp 00000000 08:02 1320369                    /usr/lib/jvm/jdk-17-oracle-x64/lib/libjsvml.so
77894d631000-77894d632000 r--p 000cd000 08:02 1320369                    /usr/lib/jvm/jdk-17-oracle-x64/lib/libjsvml.so
77894d632000-77894d633000 rw-p 000ce000 08:02 1320369                    /usr/lib/jvm/jdk-17-oracle-x64/lib/libjsvml.so
77894d633000-77894d6b4000 rw-p 00000000 00:00 0 
77894d6b4000-77894d6b5000 ---p 00000000 00:00 0 
77894d6b5000-77894d7b5000 rw-p 00000000 00:00 0 
77894d7b5000-77894d7b6000 ---p 00000000 00:00 0 
77894d7b6000-77894fcba000 rw-p 00000000 00:00 0 
77894fcba000-77894fcbb000 ---p 00000000 00:00 0 
77894fcbb000-77894fdbb000 rw-p 00000000 00:00 0 
77894fdbb000-77894fdbc000 ---p 00000000 00:00 0 
77894fdbc000-77894febc000 rw-p 00000000 00:00 0 
77894febc000-77894febd000 ---p 00000000 00:00 0 
77894febd000-77895039d000 rw-p 00000000 00:00 0 
77895039d000-778953dad000 ---p 00000000 00:00 0 
778953dad000-77895419d000 rw-p 00000000 00:00 0 
77895419d000-778957bad000 ---p 00000000 00:00 0 
778957bad000-778957c39000 rw-p 00000000 00:00 0 
778957c39000-77895837b000 ---p 00000000 00:00 0 
77895837b000-7789583f9000 rw-p 00000000 00:00 0 
7789583f9000-778958b3b000 ---p 00000000 00:00 0 
778958b3b000-778958bb9000 rw-p 00000000 00:00 0 
778958bb9000-7789592fb000 ---p 00000000 00:00 0 
7789592fb000-778959600000 rw-p 00000000 00:00 0 
778959600000-7789599a0000 rwxp 00000000 00:00 0 
7789599a0000-778960b37000 ---p 00000000 00:00 0 
778960b37000-778960da7000 rwxp 00000000 00:00 0 
778960da7000-7789610c8000 ---p 00000000 00:00 0 
7789610c8000-778961338000 rwxp 00000000 00:00 0 
778961338000-778968600000 ---p 00000000 00:00 0 
778968600000-77896ff3d000 r--s 00000000 08:02 1320385                    /usr/lib/jvm/jdk-17-oracle-x64/lib/modules
77896ff64000-778970000000 rw-p 00000000 00:00 0 
778970000000-7789708fa000 rw-p 00000000 00:00 0 
7789708fa000-778974000000 ---p 00000000 00:00 0 
778974006000-778974007000 r--p 00000000 08:02 1338569                    /usr/lib/x86_64-linux-gnu/libnss_mdns4_minimal.so.2
778974007000-778974009000 r-xp 00001000 08:02 1338569                    /usr/lib/x86_64-linux-gnu/libnss_mdns4_minimal.so.2
778974009000-77897400a000 r--p 00003000 08:02 1338569                    /usr/lib/x86_64-linux-gnu/libnss_mdns4_minimal.so.2
77897400a000-77897400b000 r--p 00003000 08:02 1338569                    /usr/lib/x86_64-linux-gnu/libnss_mdns4_minimal.so.2
77897400b000-77897400c000 rw-p 00004000 08:02 1338569                    /usr/lib/x86_64-linux-gnu/libnss_mdns4_minimal.so.2
778974014000-77897401b000 r--s 00000000 08:02 1318825                    /usr/lib/x86_64-linux-gnu/gconv/gconv-modules.cache
77897401b000-778974021000 r-xp 00000000 08:02 1320373                    /usr/lib/jvm/jdk-17-oracle-x64/lib/libmanagement_ext.so
778974021000-778974022000 r--p 00005000 08:02 1320373                    /usr/lib/jvm/jdk-17-oracle-x64/lib/libmanagement_ext.so
778974022000-778974023000 rw-p 00006000 08:02 1320373                    /usr/lib/jvm/jdk-17-oracle-x64/lib/libmanagement_ext.so
778974023000-778974027000 r-xp 00000000 08:02 1320371                    /usr/lib/jvm/jdk-17-oracle-x64/lib/libmanagement.so
778974027000-778974028000 r--p 00003000 08:02 1320371                    /usr/lib/jvm/jdk-17-oracle-x64/lib/libmanagement.so
778974028000-778974029000 rw-p 00004000 08:02 1320371                    /usr/lib/jvm/jdk-17-oracle-x64/lib/libmanagement.so
778974029000-77897412f000 rw-p 00000000 00:00 0 
77897412f000-778974215000 ---p 00000000 00:00 0 
778974215000-77897421d000 rw-p 00000000 00:00 0 
77897421d000-778974300000 ---p 00000000 00:00 0 
778974300000-778974304000 ---p 00000000 00:00 0 
778974304000-778974400000 rw-p 00000000 00:00 0 
778974400000-778975546000 r-xp 00000000 08:02 1320397                    /usr/lib/jvm/jdk-17-oracle-x64/lib/server/libjvm.so
778975546000-7789755fc000 r--p 01145000 08:02 1320397                    /usr/lib/jvm/jdk-17-oracle-x64/lib/server/libjvm.so
7789755fc000-77897562f000 rw-p 011fb000 08:02 1320397                    /usr/lib/jvm/jdk-17-oracle-x64/lib/server/libjvm.so
77897562f000-778975689000 rw-p 00000000 00:00 0 
77897568e000-7789756bf000 rw-p 00000000 00:00 0 
7789756bf000-7789756d4000 r-xp 00000000 08:02 1320375                    /usr/lib/jvm/jdk-17-oracle-x64/lib/libnet.so
7789756d4000-7789756d5000 ---p 00015000 08:02 1320375                    /usr/lib/jvm/jdk-17-oracle-x64/lib/libnet.so
7789756d5000-7789756d6000 r--p 00015000 08:02 1320375                    /usr/lib/jvm/jdk-17-oracle-x64/lib/libnet.so
7789756d6000-7789756d7000 rw-p 00016000 08:02 1320375                    /usr/lib/jvm/jdk-17-oracle-x64/lib/libnet.so
7789756d7000-778975719000 rw-p 00000000 00:00 0 
778975719000-778975727000 r--p 00000000 08:02 1312879                    /usr/lib/x86_64-linux-gnu/libm.so.6
778975727000-7789757a3000 r-xp 0000e000 08:02 1312879                    /usr/lib/x86_64-linux-gnu/libm.so.6
7789757a3000-7789757fe000 r--p 0008a000 08:02 1312879                    /usr/lib/x86_64-linux-gnu/libm.so.6
7789757fe000-7789757ff000 r--p 000e4000 08:02 1312879                    /usr/lib/x86_64-linux-gnu/libm.so.6
7789757ff000-778975800000 rw-p 000e5000 08:02 1312879                    /usr/lib/x86_64-linux-gnu/libm.so.6
778975800000-778975828000 r--p 00000000 08:02 1312872                    /usr/lib/x86_64-linux-gnu/libc.so.6
778975828000-7789759bd000 r-xp 00028000 08:02 1312872                    /usr/lib/x86_64-linux-gnu/libc.so.6
7789759bd000-778975a15000 r--p 001bd000 08:02 1312872                    /usr/lib/x86_64-linux-gnu/libc.so.6
778975a15000-778975a16000 ---p 00215000 08:02 1312872                    /usr/lib/x86_64-linux-gnu/libc.so.6
778975a16000-778975a1a000 r--p 00215000 08:02 1312872                    /usr/lib/x86_64-linux-gnu/libc.so.6
778975a1a000-778975a1c000 rw-p 00219000 08:02 1312872                    /usr/lib/x86_64-linux-gnu/libc.so.6
778975a1c000-778975a29000 rw-p 00000000 00:00 0 
778975a2a000-778975a31000 r-xp 00000000 08:02 1320384                    /usr/lib/jvm/jdk-17-oracle-x64/lib/libzip.so
778975a31000-778975a32000 ---p 00007000 08:02 1320384                    /usr/lib/jvm/jdk-17-oracle-x64/lib/libzip.so
778975a32000-778975a33000 r--p 00007000 08:02 1320384                    /usr/lib/jvm/jdk-17-oracle-x64/lib/libzip.so
778975a33000-778975a34000 rw-p 00008000 08:02 1320384                    /usr/lib/jvm/jdk-17-oracle-x64/lib/libzip.so
778975a34000-778975a47000 r-xp 00000000 08:02 1320376                    /usr/lib/jvm/jdk-17-oracle-x64/lib/libnio.so
778975a47000-778975a48000 r--p 00012000 08:02 1320376                    /usr/lib/jvm/jdk-17-oracle-x64/lib/libnio.so
778975a48000-778975a49000 rw-p 00013000 08:02 1320376                    /usr/lib/jvm/jdk-17-oracle-x64/lib/libnio.so
778975a49000-778975a4e000 rw-p 00000000 00:00 0 
778975a4e000-778975a55000 ---p 00000000 00:00 0 
778975a55000-778975a79000 r-xp 00000000 08:02 1320361                    /usr/lib/jvm/jdk-17-oracle-x64/lib/libjava.so
778975a79000-778975a7a000 ---p 00024000 08:02 1320361                    /usr/lib/jvm/jdk-17-oracle-x64/lib/libjava.so
778975a7a000-778975a7b000 r--p 00024000 08:02 1320361                    /usr/lib/jvm/jdk-17-oracle-x64/lib/libjava.so
778975a7b000-778975a7c000 rw-p 00025000 08:02 1320361                    /usr/lib/jvm/jdk-17-oracle-x64/lib/libjava.so
778975a7c000-778975a7d000 rw-p 00000000 00:00 0 
778975a7d000-778975a98000 r-xp 00000000 08:02 1320365                    /usr/lib/jvm/jdk-17-oracle-x64/lib/libjimage.so
778975a98000-778975a99000 ---p 0001b000 08:02 1320365                    /usr/lib/jvm/jdk-17-oracle-x64/lib/libjimage.so
778975a99000-778975a9b000 r--p 0001b000 08:02 1320365                    /usr/lib/jvm/jdk-17-oracle-x64/lib/libjimage.so
778975a9b000-778975a9c000 rw-p 0001d000 08:02 1320365                    /usr/lib/jvm/jdk-17-oracle-x64/lib/libjimage.so
778975a9c000-778975a9d000 r--p 00000000 08:02 1312941                    /usr/lib/x86_64-linux-gnu/librt.so.1
778975a9d000-778975a9e000 r-xp 00001000 08:02 1312941                    /usr/lib/x86_64-linux-gnu/librt.so.1
778975a9e000-778975a9f000 r--p 00002000 08:02 1312941                    /usr/lib/x86_64-linux-gnu/librt.so.1
778975a9f000-778975aa0000 r--p 00002000 08:02 1312941                    /usr/lib/x86_64-linux-gnu/librt.so.1
778975aa0000-778975aa1000 rw-p 00003000 08:02 1312941                    /usr/lib/x86_64-linux-gnu/librt.so.1
778975aa1000-778975aa5000 rw-p 00000000 00:00 0 
778975aa5000-778975aa6000 r--p 00000000 08:02 1312877                    /usr/lib/x86_64-linux-gnu/libdl.so.2
778975aa6000-778975aa7000 r-xp 00001000 08:02 1312877                    /usr/lib/x86_64-linux-gnu/libdl.so.2
778975aa7000-778975aa8000 r--p 00002000 08:02 1312877                    /usr/lib/x86_64-linux-gnu/libdl.so.2
778975aa8000-778975aa9000 r--p 00002000 08:02 1312877                    /usr/lib/x86_64-linux-gnu/libdl.so.2
778975aa9000-778975aaa000 rw-p 00003000 08:02 1312877                    /usr/lib/x86_64-linux-gnu/libdl.so.2
778975aaa000-778975aab000 r--p 00000000 08:02 1312929                    /usr/lib/x86_64-linux-gnu/libpthread.so.0
778975aab000-778975aac000 r-xp 00001000 08:02 1312929                    /usr/lib/x86_64-linux-gnu/libpthread.so.0
778975aac000-778975aad000 r--p 00002000 08:02 1312929                    /usr/lib/x86_64-linux-gnu/libpthread.so.0
778975aad000-778975aae000 r--p 00002000 08:02 1312929                    /usr/lib/x86_64-linux-gnu/libpthread.so.0
778975aae000-778975aaf000 rw-p 00003000 08:02 1312929                    /usr/lib/x86_64-linux-gnu/libpthread.so.0
778975aaf000-778975abd000 r-xp 00000000 08:02 1320366                    /usr/lib/jvm/jdk-17-oracle-x64/lib/libjli.so
778975abd000-778975abe000 ---p 0000e000 08:02 1320366                    /usr/lib/jvm/jdk-17-oracle-x64/lib/libjli.so
778975abe000-778975abf000 r--p 0000e000 08:02 1320366                    /usr/lib/jvm/jdk-17-oracle-x64/lib/libjli.so
778975abf000-778975ac0000 rw-p 0000f000 08:02 1320366                    /usr/lib/jvm/jdk-17-oracle-x64/lib/libjli.so
778975ac0000-778975ac2000 r--p 00000000 08:02 1339135                    /usr/lib/x86_64-linux-gnu/libz.so.1.2.11
778975ac2000-778975ad3000 r-xp 00002000 08:02 1339135                    /usr/lib/x86_64-linux-gnu/libz.so.1.2.11
778975ad3000-778975ad9000 r--p 00013000 08:02 1339135                    /usr/lib/x86_64-linux-gnu/libz.so.1.2.11
778975ad9000-778975ada000 ---p 00019000 08:02 1339135                    /usr/lib/x86_64-linux-gnu/libz.so.1.2.11
778975ada000-778975adb000 r--p 00019000 08:02 1339135                    /usr/lib/x86_64-linux-gnu/libz.so.1.2.11
778975adb000-778975adc000 rw-p 0001a000 08:02 1339135                    /usr/lib/x86_64-linux-gnu/libz.so.1.2.11
778975add000-778975adf000 r-xp 00000000 08:02 1320354                    /usr/lib/jvm/jdk-17-oracle-x64/lib/libextnet.so
778975adf000-778975ae0000 r--p 00001000 08:02 1320354                    /usr/lib/jvm/jdk-17-oracle-x64/lib/libextnet.so
778975ae0000-778975ae1000 rw-p 00002000 08:02 1320354                    /usr/lib/jvm/jdk-17-oracle-x64/lib/libextnet.so
778975ae1000-778975ae9000 rw-s 00000000 08:02 6580184                    /tmp/hsperfdata_pacifiquem/573072
778975ae9000-778975aea000 ---p 00000000 00:00 0 
778975aea000-778975aeb000 r--p 00000000 00:00 0 
778975aeb000-778975aed000 rw-p 00000000 00:00 0 
778975aed000-778975aef000 r--p 00000000 08:02 1312866                    /usr/lib/x86_64-linux-gnu/ld-linux-x86-64.so.2
778975aef000-778975b19000 r-xp 00002000 08:02 1312866                    /usr/lib/x86_64-linux-gnu/ld-linux-x86-64.so.2
778975b19000-778975b24000 r--p 0002c000 08:02 1312866                    /usr/lib/x86_64-linux-gnu/ld-linux-x86-64.so.2
778975b24000-778975b25000 ---p 00000000 00:00 0 
778975b25000-778975b27000 r--p 00037000 08:02 1312866                    /usr/lib/x86_64-linux-gnu/ld-linux-x86-64.so.2
778975b27000-778975b29000 rw-p 00039000 08:02 1312866                    /usr/lib/x86_64-linux-gnu/ld-linux-x86-64.so.2
7ffece6d8000-7ffece6fa000 rw-p 00000000 00:00 0                          [stack]
7ffece748000-7ffece74c000 r--p 00000000 00:00 0                          [vvar]
7ffece74c000-7ffece74e000 r-xp 00000000 00:00 0                          [vdso]
ffffffffff600000-ffffffffff601000 --xp 00000000 00:00 0                  [vsyscall]


VM Arguments:
jvm_args: -XX:+ShowCodeDetailsInExceptionMessages -Dspring.jmx.enabled=true -Dmanagement.endpoints.jmx.exposure.include=* -Dspring.application.admin.enabled=true -Dspring.boot.project.name=springboot -Djava.rmi.server.hostname=localhost -Dcom.sun.management.jmxremote.port=45556 -Dcom.sun.management.jmxremote.authenticate=false -Dcom.sun.management.jmxremote.ssl=false 
java_command: com.ishimweemmy.templates.springboot.SpringbootApplication
java_class_path (initial): /home/pacifiquem/Documents/studies/ne-springboot/target/classes:/home/pacifiquem/.m2/repository/org/springframework/boot/spring-boot-starter-actuator/3.2.5/spring-boot-starter-actuator-3.2.5.jar:/home/pacifiquem/.m2/repository/org/springframework/boot/spring-boot-starter/3.2.5/spring-boot-starter-3.2.5.jar:/home/pacifiquem/.m2/repository/org/springframework/boot/spring-boot-starter-logging/3.2.5/spring-boot-starter-logging-3.2.5.jar:/home/pacifiquem/.m2/repository/ch/qos/logback/logback-classic/1.4.14/logback-classic-1.4.14.jar:/home/pacifiquem/.m2/repository/ch/qos/logback/logback-core/1.4.14/logback-core-1.4.14.jar:/home/pacifiquem/.m2/repository/org/apache/logging/log4j/log4j-to-slf4j/2.21.1/log4j-to-slf4j-2.21.1.jar:/home/pacifiquem/.m2/repository/org/apache/logging/log4j/log4j-api/2.21.1/log4j-api-2.21.1.jar:/home/pacifiquem/.m2/repository/org/slf4j/jul-to-slf4j/2.0.13/jul-to-slf4j-2.0.13.jar:/home/pacifiquem/.m2/repository/jakarta/annotation/jakarta.annotation-api/2.1.1/jakarta.annotation-api-2.1.1.jar:/home/pacifiquem/.m2/repository/org/yaml/snakeyaml/2.2/snakeyaml-2.2.jar:/home/pacifiquem/.m2/repository/org/springframework/boot/spring-boot-actuator-autoconfigure/3.2.5/spring-boot-actuator-autoconfigure-3.2.5.jar:/home/pacifiquem/.m2/repository/org/springframework/boot/spring-boot-actuator/3.2.5/spring-boot-actuator-3.2.5.jar:/home/pacifiquem/.m2/repository/com/fasterxml/jackson/datatype/jackson-datatype-jsr310/2.15.4/jackson-datatype-jsr310-2.15.4.jar:/home/pacifiquem/.m2/repository/io/micrometer/micrometer-observation/1.12.5/micrometer-observation-1.12.5.jar:/home/pacifiquem/.m2/repository/io/micrometer/micrometer-commons/1.12.5/micrometer-commons-1.12.5.jar:/home/pacifiquem/.m2/repository/io/micrometer/micrometer-jakarta9/1.12.5/micrometer-jakarta9-1.12.5.jar:/home/pacifiquem/.m2/repository/io/micrometer/micrometer-core/1.12.5/micrometer-core-1.12.5.jar:/home/pacifiquem/.m2/repository/org/hdrhistogram/HdrHistogram/2.1.12/HdrHis
Launcher Type: SUN_STANDARD

[Global flags]
     intx CICompilerCount                          = 3                                         {product} {ergonomic}
     uint ConcGCThreads                            = 1                                         {product} {ergonomic}
     uint G1ConcRefinementThreads                  = 4                                         {product} {ergonomic}
   size_t G1HeapRegionSize                         = 2097152                                   {product} {ergonomic}
    uintx GCDrainStackTargetSize                   = 64                                        {product} {ergonomic}
   size_t InitialHeapSize                          = 260046848                                 {product} {ergonomic}
     bool ManagementServer                         = true                                      {product} {command line}
   size_t MarkStackSize                            = 4194304                                   {product} {ergonomic}
   size_t MaxHeapSize                              = 4160749568                                {product} {ergonomic}
   size_t MaxNewSize                               = 2495610880                                {product} {ergonomic}
   size_t MinHeapDeltaBytes                        = 2097152                                   {product} {ergonomic}
   size_t MinHeapSize                              = 8388608                                   {product} {ergonomic}
    uintx NonNMethodCodeHeapSize                   = 5832780                                {pd product} {ergonomic}
    uintx NonProfiledCodeHeapSize                  = 122912730                              {pd product} {ergonomic}
    uintx ProfiledCodeHeapSize                     = 122912730                              {pd product} {ergonomic}
    uintx ReservedCodeCacheSize                    = 251658240                              {pd product} {ergonomic}
     bool SegmentedCodeCache                       = true                                      {product} {ergonomic}
     bool ShowCodeDetailsInExceptionMessages       = true                                   {manageable} {command line}
   size_t SoftMaxHeapSize                          = 4160749568                             {manageable} {ergonomic}
     bool UseCompressedClassPointers               = true                           {product lp64_product} {ergonomic}
     bool UseCompressedOops                        = true                           {product lp64_product} {ergonomic}
     bool UseG1GC                                  = true                                      {product} {ergonomic}

Logging:
Log output configuration:
 #0: stdout all=warning uptime,level,tags
 #1: stderr all=off uptime,level,tags

Environment Variables:
PATH=/home/pacifiquem/.local/bin:/home/pacifiquem/.nvm/versions/node/v18.19.1/bin:/home/pacifiquem/.local/bin:/usr/local/sbin:/usr/local/bin:/usr/sbin:/usr/bin:/sbin:/bin:/usr/games:/usr/local/games:/snap/bin:/snap/bin:/home/pacifiquem/idea-IE-222.4345.35/bin:/home/pacifiquem/idea-IE-222.4345.35/bin
USERNAME=pacifiquem
SHELL=/bin/bash
DISPLAY=:0
LANG=en_US.UTF-8

Signal Handlers:
   SIGSEGV: crash_handler in libjvm.so, mask=11100100010111111101111111111110, flags=SA_RESTART|SA_SIGINFO
    SIGBUS: crash_handler in libjvm.so, mask=11100100010111111101111111111110, flags=SA_RESTART|SA_SIGINFO
    SIGFPE: crash_handler in libjvm.so, mask=11100100010111111101111111111110, flags=SA_RESTART|SA_SIGINFO
   SIGPIPE: javaSignalHandler in libjvm.so, mask=11100100010111111101111111111110, flags=SA_RESTART|SA_SIGINFO
   SIGXFSZ: javaSignalHandler in libjvm.so, mask=11100100010111111101111111111110, flags=SA_RESTART|SA_SIGINFO
    SIGILL: crash_handler in libjvm.so, mask=11100100010111111101111111111110, flags=SA_RESTART|SA_SIGINFO
   SIGUSR2: SR_handler in libjvm.so, mask=00000000000000000000000000000000, flags=SA_RESTART|SA_SIGINFO
    SIGHUP: UserHandler in libjvm.so, mask=11100100010111111101111111111110, flags=SA_RESTART|SA_SIGINFO
    SIGINT: UserHandler in libjvm.so, mask=11100100010111111101111111111110, flags=SA_RESTART|SA_SIGINFO
   SIGTERM: UserHandler in libjvm.so, mask=11100100010111111101111111111110, flags=SA_RESTART|SA_SIGINFO
   SIGQUIT: UserHandler in libjvm.so, mask=11100100010111111101111111111110, flags=SA_RESTART|SA_SIGINFO
   SIGTRAP: crash_handler in libjvm.so, mask=11100100010111111101111111111110, flags=SA_RESTART|SA_SIGINFO


---------------  S Y S T E M  ---------------

OS:
DISTRIB_ID=Ubuntu
DISTRIB_RELEASE=22.04
DISTRIB_CODENAME=jammy
DISTRIB_DESCRIPTION="Ubuntu 22.04.4 LTS"
uname: Linux 6.5.0-41-generic #41~22.04.2-Ubuntu SMP PREEMPT_DYNAMIC Mon Jun  3 11:32:55 UTC 2 x86_64
OS uptime: 0 days 5:06 hours
libc: glibc 2.35 NPTL 2.35 
rlimit (soft/hard): STACK 8192k/infinity , CORE 0k/infinity , NPROC 63157/63157 , NOFILE 1048576/1048576 , AS infinity/infinity , CPU infinity/infinity , DATA infinity/infinity , FSIZE infinity/infinity , MEMLOCK 2030692k/2030692k
load average: 3.61 4.00 3.86

/proc/meminfo:
MemTotal:       16245556 kB
MemFree:         5721232 kB
MemAvailable:   10558568 kB
Buffers:          506096 kB
Cached:          4848212 kB
SwapCached:            0 kB
Active:          6436636 kB
Inactive:        2882692 kB
Active(anon):    4502648 kB
Inactive(anon):        0 kB
Active(file):    1933988 kB
Inactive(file):  2882692 kB
Unevictable:      409032 kB
Mlocked:              48 kB
SwapTotal:       2097148 kB
SwapFree:        2097148 kB
Zswap:                 0 kB
Zswapped:              0 kB
Dirty:               884 kB
Writeback:             0 kB
AnonPages:       4374368 kB
Mapped:          1078588 kB
Shmem:            537432 kB
KReclaimable:     357176 kB
Slab:             613368 kB
SReclaimable:     357176 kB
SUnreclaim:       256192 kB
KernelStack:       19140 kB
PageTables:        52584 kB
SecPageTables:         0 kB
NFS_Unstable:          0 kB
Bounce:                0 kB
WritebackTmp:          0 kB
CommitLimit:    10219924 kB
Committed_AS:   14036348 kB
VmallocTotal:   34359738367 kB
VmallocUsed:       57700 kB
VmallocChunk:          0 kB
Percpu:             4448 kB
HardwareCorrupted:     0 kB
AnonHugePages:         0 kB
ShmemHugePages:        0 kB
ShmemPmdMapped:        0 kB
FileHugePages:         0 kB
FilePmdMapped:         0 kB
Unaccepted:            0 kB
HugePages_Total:       0
HugePages_Free:        0
HugePages_Rsvd:        0
HugePages_Surp:        0
Hugepagesize:       2048 kB
Hugetlb:               0 kB
DirectMap4k:      251956 kB
DirectMap2M:     4868096 kB
DirectMap1G:    11534336 kB

/sys/kernel/mm/transparent_hugepage/enabled: always [madvise] never
/sys/kernel/mm/transparent_hugepage/defrag (defrag/compaction efforts parameter): always defer defer+madvise [madvise] never

Process Memory:
Virtual Size: 7655136K (peak: 7718176K)
Resident Set Size: 132860K (peak: 132860K) (anon: 111644K, file: 21216K, shmem: 0K)
Swapped out: 0K
C-Heap outstanding allocations: 50048K, retained: 5315K

/proc/sys/kernel/threads-max (system-wide limit on the number of threads): 126314
/proc/sys/vm/max_map_count (maximum number of memory map areas a process may have): 65530
/proc/sys/kernel/pid_max (system-wide limit on number of process identifiers): 4194304

container (cgroup) information:
container_type: cgroupv2
cpu_cpuset_cpus: not supported
cpu_memory_nodes: not supported
active_processor_count: 4
cpu_quota: not supported
cpu_period: not supported
cpu_shares: not supported
memory_limit_in_bytes: unlimited
memory_and_swap_limit_in_bytes: unlimited
memory_soft_limit_in_bytes: unlimited
memory_usage_in_bytes: 2374660 k
memory_max_usage_in_bytes: not supported
memory_swap_current_in_bytes: unlimited
memory_swap_max_limit_in_bytes: unlimited
maximum number of tasks: 18947
current number of tasks: 293

Steal ticks since vm start: 0
Steal ticks percentage since vm start:  0.000

CPU: total 4 (initial active 4) (2 cores per cpu, 2 threads per core) family 6 model 78 stepping 3 microcode 0xf0, cx8, cmov, fxsr, ht, mmx, 3dnowpref, sse, sse2, sse3, ssse3, sse4.1, sse4.2, popcnt, lzcnt, tsc, tscinvbit, avx, avx2, aes, erms, clmul, bmi1, bmi2, adx, fma, vzeroupper, clflush, clflushopt
CPU Model and flags from /proc/cpuinfo:
model name	: Intel(R) Core(TM) i5-6300U CPU @ 2.40GHz
flags		: fpu vme de pse tsc msr pae mce cx8 apic sep mtrr pge mca cmov pat pse36 clflush dts acpi mmx fxsr sse sse2 ss ht tm pbe syscall nx pdpe1gb rdtscp lm constant_tsc art arch_perfmon pebs bts rep_good nopl xtopology nonstop_tsc cpuid aperfmperf pni pclmulqdq dtes64 monitor ds_cpl smx est tm2 ssse3 sdbg fma cx16 xtpr pdcm pcid sse4_1 sse4_2 x2apic movbe popcnt tsc_deadline_timer aes xsave avx f16c rdrand lahf_lm abm 3dnowprefetch cpuid_fault epb invpcid_single pti ssbd ibrs ibpb stibp fsgsbase tsc_adjust bmi1 avx2 smep bmi2 erms invpcid mpx rdseed adx smap clflushopt intel_pt xsaveopt xsavec xgetbv1 xsaves dtherm ida arat pln pts hwp hwp_notify hwp_act_window hwp_epp md_clear flush_l1d arch_capabilities

Online cpus: 0-3
Offline cpus: 
BIOS frequency limitation: <Not Available>
Frequency switch latency (ns): 0
Available cpu frequencies: <Not Available>
Current governor: powersave
Core performance/turbo boost: <Not Available>

Memory: 4k page, physical 16245556k(5720980k free), swap 2097148k(2097148k free)
Page Sizes: 4k

vm_info: Java HotSpot(TM) 64-Bit Server VM (17.0.10+11-LTS-240) for linux-amd64 JRE (17.0.10+11-LTS-240), built on Dec 19 2023 21:40:48 by "mach5one" with gcc 11.2.0

END.
